{
"contracts/ai.sol":{"l":{"46":0,"47":0,"50":0,"51":0,"54":0,"57":0,"63":0,"64":0,"66":0,"67":0,"68":0,"70":0,"75":0,"76":0,"78":0,"83":0,"88":0,"90":0,"91":0,"92":0,"94":0,"96":0,"101":0,"102":0,"103":0,"105":0,"106":0,"108":0,"110":0,"115":0,"116":0,"117":0,"118":0,"119":0,"125":0,"126":0,"131":0,"132":0,"136":0,"137":0,"142":0,"143":0,"145":0,"146":0,"148":0,"150":0,"155":0,"160":0,"164":0},"path":"/home/wtc/Documents/Workshops/staking_contracts/contracts/ai.sol","s":{"1":0,"2":0,"3":0,"4":0,"5":0,"6":0,"7":0,"8":0,"9":0,"10":0,"11":0,"12":0,"13":0,"14":0,"15":0,"16":0,"17":0,"18":0,"19":0,"20":0,"21":0,"22":0,"23":0,"24":0,"25":0,"26":0,"27":0,"28":0,"29":0,"30":0},"b":{"1":[0,0],"2":[0,0],"3":[0,0],"4":[0,0],"5":[0,0],"6":[0,0],"7":[0,0],"8":[0,0],"9":[0,0],"10":[0,0],"11":[0,0],"12":[0,0],"13":[0,0],"14":[0,0],"15":[0,0],"16":[0,0],"17":[0,0],"18":[0,0],"19":[0,0],"20":[0,0],"21":[0,0],"22":[0,0],"23":[0,0],"24":[0,0]},"f":{"1":0,"2":0,"3":0,"4":0,"5":0,"6":0,"7":0,"8":0,"9":0,"10":0,"11":0,"12":0,"13":0,"14":0},"fnMap":{"1":{"name":"constructor","line":40,"loc":{"start":{"line":40,"column":4},"end":{"line":59,"column":4}}},"2":{"name":"updateReward","line":62,"loc":{"start":{"line":62,"column":4},"end":{"line":71,"column":4}}},"3":{"name":"rewardPerToken","line":74,"loc":{"start":{"line":74,"column":4},"end":{"line":79,"column":4}}},"4":{"name":"earned","line":82,"loc":{"start":{"line":82,"column":4},"end":{"line":84,"column":4}}},"5":{"name":"stake","line":87,"loc":{"start":{"line":87,"column":4},"end":{"line":97,"column":4}}},"6":{"name":"withdraw","line":100,"loc":{"start":{"line":100,"column":4},"end":{"line":111,"column":4}}},"7":{"name":"getReward","line":114,"loc":{"start":{"line":114,"column":4},"end":{"line":121,"column":4}}},"8":{"name":"withdrawAndGetReward","line":124,"loc":{"start":{"line":124,"column":4},"end":{"line":127,"column":4}}},"9":{"name":"setRewardRate","line":130,"loc":{"start":{"line":130,"column":4},"end":{"line":133,"column":4}}},"10":{"name":"setStakingDuration","line":135,"loc":{"start":{"line":135,"column":4},"end":{"line":138,"column":4}}},"11":{"name":"emergencyWithdraw","line":141,"loc":{"start":{"line":141,"column":4},"end":{"line":151,"column":4}}},"12":{"name":"fundRewards","line":154,"loc":{"start":{"line":154,"column":4},"end":{"line":156,"column":4}}},"13":{"name":"pause","line":159,"loc":{"start":{"line":159,"column":4},"end":{"line":161,"column":4}}},"14":{"name":"unpause","line":163,"loc":{"start":{"line":163,"column":4},"end":{"line":165,"column":4}}}},"statementMap":{"1":{"start":{"line":46,"column":8},"end":{"line":46,"column":68}},"2":{"start":{"line":47,"column":8},"end":{"line":47,"column":66}},"3":{"start":{"line":66,"column":8},"end":{"line":66,"column":2648}},"4":{"start":{"line":75,"column":8},"end":{"line":75,"column":2925}},"5":{"start":{"line":76,"column":12},"end":{"line":76,"column":39}},"6":{"start":{"line":78,"column":8},"end":{"line":78,"column":108}},"7":{"start":{"line":83,"column":8},"end":{"line":83,"column":120}},"8":{"start":{"line":88,"column":8},"end":{"line":88,"column":44}},"9":{"start":{"line":94,"column":8},"end":{"line":94,"column":71}},"10":{"start":{"line":96,"column":8},"end":{"line":96,"column":39}},"11":{"start":{"line":101,"column":8},"end":{"line":101,"column":47}},"12":{"start":{"line":102,"column":8},"end":{"line":102,"column":75}},"13":{"start":{"line":103,"column":8},"end":{"line":103,"column":97}},"14":{"start":{"line":108,"column":8},"end":{"line":108,"column":52}},"15":{"start":{"line":110,"column":8},"end":{"line":110,"column":42}},"16":{"start":{"line":115,"column":8},"end":{"line":115,"column":44}},"17":{"start":{"line":116,"column":8},"end":{"line":116,"column":4504}},"18":{"start":{"line":118,"column":12},"end":{"line":118,"column":55}},"19":{"start":{"line":119,"column":12},"end":{"line":119,"column":47}},"20":{"start":{"line":125,"column":8},"end":{"line":125,"column":42}},"21":{"start":{"line":126,"column":8},"end":{"line":126,"column":18}},"22":{"start":{"line":132,"column":8},"end":{"line":132,"column":43}},"23":{"start":{"line":137,"column":8},"end":{"line":137,"column":46}},"24":{"start":{"line":142,"column":8},"end":{"line":142,"column":50}},"25":{"start":{"line":143,"column":8},"end":{"line":143,"column":46}},"26":{"start":{"line":148,"column":8},"end":{"line":148,"column":52}},"27":{"start":{"line":150,"column":8},"end":{"line":150,"column":42}},"28":{"start":{"line":155,"column":8},"end":{"line":155,"column":70}},"29":{"start":{"line":160,"column":8},"end":{"line":160,"column":15}},"30":{"start":{"line":164,"column":8},"end":{"line":164,"column":17}}},"branchMap":{"1":{"line":46,"type":"if","locations":[{"start":{"line":46,"column":8},"end":{"line":46,"column":8}},{"start":{"line":46,"column":8},"end":{"line":46,"column":8}}]},"2":{"line":47,"type":"if","locations":[{"start":{"line":47,"column":8},"end":{"line":47,"column":8}},{"start":{"line":47,"column":8},"end":{"line":47,"column":8}}]},"3":{"line":66,"type":"if","locations":[{"start":{"line":66,"column":8},"end":{"line":66,"column":8}},{"start":{"line":66,"column":8},"end":{"line":66,"column":8}}]},"4":{"line":75,"type":"if","locations":[{"start":{"line":75,"column":8},"end":{"line":75,"column":8}},{"start":{"line":75,"column":8},"end":{"line":75,"column":8}}]},"5":{"line":87,"type":"if","locations":[{"start":{"line":87,"column":44},"end":{"line":87,"column":44}},{"start":{"line":87,"column":44},"end":{"line":87,"column":44}}]},"6":{"line":87,"type":"if","locations":[{"start":{"line":87,"column":57},"end":{"line":87,"column":57}},{"start":{"line":87,"column":57},"end":{"line":87,"column":57}}]},"7":{"line":87,"type":"if","locations":[{"start":{"line":87,"column":71},"end":{"line":87,"column":71}},{"start":{"line":87,"column":71},"end":{"line":87,"column":71}}]},"8":{"line":88,"type":"if","locations":[{"start":{"line":88,"column":8},"end":{"line":88,"column":8}},{"start":{"line":88,"column":8},"end":{"line":88,"column":8}}]},"9":{"line":100,"type":"if","locations":[{"start":{"line":100,"column":45},"end":{"line":100,"column":45}},{"start":{"line":100,"column":45},"end":{"line":100,"column":45}}]},"10":{"line":100,"type":"if","locations":[{"start":{"line":100,"column":58},"end":{"line":100,"column":58}},{"start":{"line":100,"column":58},"end":{"line":100,"column":58}}]},"11":{"line":101,"type":"if","locations":[{"start":{"line":101,"column":8},"end":{"line":101,"column":8}},{"start":{"line":101,"column":8},"end":{"line":101,"column":8}}]},"12":{"line":102,"type":"if","locations":[{"start":{"line":102,"column":8},"end":{"line":102,"column":8}},{"start":{"line":102,"column":8},"end":{"line":102,"column":8}}]},"13":{"line":103,"type":"if","locations":[{"start":{"line":103,"column":8},"end":{"line":103,"column":8}},{"start":{"line":103,"column":8},"end":{"line":103,"column":8}}]},"14":{"line":114,"type":"if","locations":[{"start":{"line":114,"column":32},"end":{"line":114,"column":32}},{"start":{"line":114,"column":32},"end":{"line":114,"column":32}}]},"15":{"line":114,"type":"if","locations":[{"start":{"line":114,"column":45},"end":{"line":114,"column":45}},{"start":{"line":114,"column":45},"end":{"line":114,"column":45}}]},"16":{"line":116,"type":"if","locations":[{"start":{"line":116,"column":8},"end":{"line":116,"column":8}},{"start":{"line":116,"column":8},"end":{"line":116,"column":8}}]},"17":{"line":130,"type":"if","locations":[{"start":{"line":130,"column":57},"end":{"line":130,"column":57}},{"start":{"line":130,"column":57},"end":{"line":130,"column":57}}]},"18":{"line":130,"type":"if","locations":[{"start":{"line":130,"column":67},"end":{"line":130,"column":67}},{"start":{"line":130,"column":67},"end":{"line":130,"column":67}}]},"19":{"line":135,"type":"if","locations":[{"start":{"line":135,"column":60},"end":{"line":135,"column":60}},{"start":{"line":135,"column":60},"end":{"line":135,"column":60}}]},"20":{"line":141,"type":"if","locations":[{"start":{"line":141,"column":42},"end":{"line":141,"column":42}},{"start":{"line":141,"column":42},"end":{"line":141,"column":42}}]},"21":{"line":143,"type":"if","locations":[{"start":{"line":143,"column":8},"end":{"line":143,"column":8}},{"start":{"line":143,"column":8},"end":{"line":143,"column":8}}]},"22":{"line":154,"type":"if","locations":[{"start":{"line":154,"column":50},"end":{"line":154,"column":50}},{"start":{"line":154,"column":50},"end":{"line":154,"column":50}}]},"23":{"line":159,"type":"if","locations":[{"start":{"line":159,"column":30},"end":{"line":159,"column":30}},{"start":{"line":159,"column":30},"end":{"line":159,"column":30}}]},"24":{"line":163,"type":"if","locations":[{"start":{"line":163,"column":32},"end":{"line":163,"column":32}},{"start":{"line":163,"column":32},"end":{"line":163,"column":32}}]}}},
"contracts/multi_ai.sol":{"l":{"47":0,"48":0,"49":0,"59":0,"60":0,"62":0,"63":0,"71":0,"76":0,"77":0,"78":0,"83":0,"84":0,"85":0,"86":0,"87":0,"90":0,"91":0,"92":0,"93":0,"96":0,"99":0,"107":0,"108":0,"110":0,"112":0,"117":0,"118":0,"120":0,"121":0,"122":0,"124":0,"129":0,"131":0,"132":0,"134":0,"135":0,"137":0,"139":0,"144":0,"146":0,"147":0,"149":0,"152":0,"153":0,"154":0,"158":0,"159":0,"162":0,"163":0,"166":0,"168":0,"173":0,"178":0,"183":0,"188":0,"190":0,"192":0,"193":0,"196":0,"197":0,"199":0,"201":0},"path":"/home/wtc/Documents/Workshops/staking_contracts/contracts/multi_ai.sol","s":{"1":0,"2":0,"3":0,"4":0,"5":0,"6":0,"7":0,"8":0,"9":0,"10":0,"11":0,"12":0,"13":0,"14":0,"15":0,"16":0,"17":0,"18":0,"19":0,"20":0,"21":0,"22":0,"23":0,"24":0,"25":0,"26":0,"27":0,"28":0,"29":0,"30":0,"31":0,"32":0,"33":0,"34":0,"35":0,"36":0,"37":0,"38":0,"39":0,"40":0,"41":0,"42":0,"43":0,"44":0,"45":0},"b":{"1":[0,0],"2":[0,0],"3":[0,0],"4":[0,0],"5":[0,0],"6":[0,0],"7":[0,0],"8":[0,0],"9":[0,0],"10":[0,0],"11":[0,0],"12":[0,0],"13":[0,0],"14":[0,0],"15":[0,0],"16":[0,0],"17":[0,0],"18":[0,0],"19":[0,0],"20":[0,0],"21":[0,0],"22":[0,0],"23":[0,0]},"f":{"1":0,"2":0,"3":0,"4":0,"5":0,"6":0,"7":0,"8":0,"9":0,"10":0,"11":0},"fnMap":{"1":{"name":"constructor","line":46,"loc":{"start":{"line":46,"column":4},"end":{"line":50,"column":4}}},"2":{"name":"createTier","line":58,"loc":{"start":{"line":53,"column":4},"end":{"line":72,"column":4}}},"3":{"name":"setTierStatus","line":75,"loc":{"start":{"line":75,"column":4},"end":{"line":79,"column":4}}},"4":{"name":"stake","line":82,"loc":{"start":{"line":82,"column":4},"end":{"line":113,"column":4}}},"5":{"name":"calculateRewards","line":116,"loc":{"start":{"line":116,"column":4},"end":{"line":125,"column":4}}},"6":{"name":"claimRewards","line":128,"loc":{"start":{"line":128,"column":4},"end":{"line":140,"column":4}}},"7":{"name":"withdrawStake","line":143,"loc":{"start":{"line":143,"column":4},"end":{"line":169,"column":4}}},"8":{"name":"getUserStakes","line":172,"loc":{"start":{"line":172,"column":4},"end":{"line":174,"column":4}}},"9":{"name":"setBaseRewardRate","line":177,"loc":{"start":{"line":177,"column":4},"end":{"line":179,"column":4}}},"10":{"name":"fundRewards","line":182,"loc":{"start":{"line":182,"column":4},"end":{"line":184,"column":4}}},"11":{"name":"emergencyWithdraw","line":187,"loc":{"start":{"line":187,"column":4},"end":{"line":202,"column":4}}}},"statementMap":{"1":{"start":{"line":59,"column":8},"end":{"line":59,"column":56}},"2":{"start":{"line":60,"column":8},"end":{"line":60,"column":58}},"3":{"start":{"line":71,"column":8},"end":{"line":71,"column":89}},"4":{"start":{"line":76,"column":8},"end":{"line":76,"column":65}},"5":{"start":{"line":78,"column":8},"end":{"line":78,"column":42}},"6":{"start":{"line":83,"column":8},"end":{"line":83,"column":65}},"7":{"start":{"line":84,"column":8},"end":{"line":84,"column":47}},"8":{"start":{"line":85,"column":8},"end":{"line":85,"column":48}},"9":{"start":{"line":86,"column":8},"end":{"line":86,"column":96}},"10":{"start":{"line":87,"column":8},"end":{"line":87,"column":44}},"11":{"start":{"line":90,"column":8},"end":{"line":90,"column":33}},"12":{"start":{"line":91,"column":8},"end":{"line":91,"column":3300}},"13":{"start":{"line":92,"column":12},"end":{"line":92,"column":3375}},"14":{"start":{"line":96,"column":8},"end":{"line":96,"column":76}},"15":{"start":{"line":99,"column":8},"end":{"line":99,"column":3630}},"16":{"start":{"line":110,"column":8},"end":{"line":110,"column":71}},"17":{"start":{"line":112,"column":8},"end":{"line":112,"column":82}},"18":{"start":{"line":117,"column":8},"end":{"line":117,"column":61}},"19":{"start":{"line":118,"column":8},"end":{"line":118,"column":53}},"20":{"start":{"line":120,"column":8},"end":{"line":120,"column":64}},"21":{"start":{"line":121,"column":8},"end":{"line":121,"column":78}},"22":{"start":{"line":122,"column":8},"end":{"line":122,"column":77}},"23":{"start":{"line":124,"column":8},"end":{"line":124,"column":54}},"24":{"start":{"line":129,"column":8},"end":{"line":129,"column":75}},"25":{"start":{"line":131,"column":8},"end":{"line":131,"column":65}},"26":{"start":{"line":132,"column":8},"end":{"line":132,"column":49}},"27":{"start":{"line":137,"column":8},"end":{"line":137,"column":51}},"28":{"start":{"line":139,"column":8},"end":{"line":139,"column":58}},"29":{"start":{"line":144,"column":8},"end":{"line":144,"column":75}},"30":{"start":{"line":146,"column":8},"end":{"line":146,"column":67}},"31":{"start":{"line":147,"column":8},"end":{"line":147,"column":53}},"32":{"start":{"line":149,"column":8},"end":{"line":149,"column":91}},"33":{"start":{"line":152,"column":8},"end":{"line":152,"column":66}},"34":{"start":{"line":153,"column":8},"end":{"line":153,"column":5827}},"35":{"start":{"line":154,"column":12},"end":{"line":154,"column":56}},"36":{"start":{"line":163,"column":8},"end":{"line":163,"column":35}},"37":{"start":{"line":166,"column":8},"end":{"line":166,"column":58}},"38":{"start":{"line":168,"column":8},"end":{"line":168,"column":60}},"39":{"start":{"line":173,"column":8},"end":{"line":173,"column":31}},"40":{"start":{"line":183,"column":8},"end":{"line":183,"column":70}},"41":{"start":{"line":188,"column":8},"end":{"line":188,"column":75}},"42":{"start":{"line":190,"column":8},"end":{"line":190,"column":66}},"43":{"start":{"line":197,"column":8},"end":{"line":197,"column":35}},"44":{"start":{"line":199,"column":8},"end":{"line":199,"column":52}},"45":{"start":{"line":201,"column":8},"end":{"line":201,"column":54}}},"branchMap":{"1":{"line":58,"type":"if","locations":[{"start":{"line":58,"column":15},"end":{"line":58,"column":15}},{"start":{"line":58,"column":15},"end":{"line":58,"column":15}}]},"2":{"line":59,"type":"if","locations":[{"start":{"line":59,"column":8},"end":{"line":59,"column":8}},{"start":{"line":59,"column":8},"end":{"line":59,"column":8}}]},"3":{"line":60,"type":"if","locations":[{"start":{"line":60,"column":8},"end":{"line":60,"column":8}},{"start":{"line":60,"column":8},"end":{"line":60,"column":8}}]},"4":{"line":75,"type":"if","locations":[{"start":{"line":75,"column":67},"end":{"line":75,"column":67}},{"start":{"line":75,"column":67},"end":{"line":75,"column":67}}]},"5":{"line":76,"type":"if","locations":[{"start":{"line":76,"column":8},"end":{"line":76,"column":8}},{"start":{"line":76,"column":8},"end":{"line":76,"column":8}}]},"6":{"line":82,"type":"if","locations":[{"start":{"line":82,"column":60},"end":{"line":82,"column":60}},{"start":{"line":82,"column":60},"end":{"line":82,"column":60}}]},"7":{"line":83,"type":"if","locations":[{"start":{"line":83,"column":8},"end":{"line":83,"column":8}},{"start":{"line":83,"column":8},"end":{"line":83,"column":8}}]},"8":{"line":85,"type":"if","locations":[{"start":{"line":85,"column":8},"end":{"line":85,"column":8}},{"start":{"line":85,"column":8},"end":{"line":85,"column":8}}]},"9":{"line":86,"type":"if","locations":[{"start":{"line":86,"column":8},"end":{"line":86,"column":8}},{"start":{"line":86,"column":8},"end":{"line":86,"column":8}}]},"10":{"line":87,"type":"if","locations":[{"start":{"line":87,"column":8},"end":{"line":87,"column":8}},{"start":{"line":87,"column":8},"end":{"line":87,"column":8}}]},"11":{"line":92,"type":"if","locations":[{"start":{"line":92,"column":12},"end":{"line":92,"column":12}},{"start":{"line":92,"column":12},"end":{"line":92,"column":12}}]},"12":{"line":96,"type":"if","locations":[{"start":{"line":96,"column":8},"end":{"line":96,"column":8}},{"start":{"line":96,"column":8},"end":{"line":96,"column":8}}]},"13":{"line":128,"type":"if","locations":[{"start":{"line":128,"column":55},"end":{"line":128,"column":55}},{"start":{"line":128,"column":55},"end":{"line":128,"column":55}}]},"14":{"line":129,"type":"if","locations":[{"start":{"line":129,"column":8},"end":{"line":129,"column":8}},{"start":{"line":129,"column":8},"end":{"line":129,"column":8}}]},"15":{"line":132,"type":"if","locations":[{"start":{"line":132,"column":8},"end":{"line":132,"column":8}},{"start":{"line":132,"column":8},"end":{"line":132,"column":8}}]},"16":{"line":143,"type":"if","locations":[{"start":{"line":143,"column":56},"end":{"line":143,"column":56}},{"start":{"line":143,"column":56},"end":{"line":143,"column":56}}]},"17":{"line":144,"type":"if","locations":[{"start":{"line":144,"column":8},"end":{"line":144,"column":8}},{"start":{"line":144,"column":8},"end":{"line":144,"column":8}}]},"18":{"line":149,"type":"if","locations":[{"start":{"line":149,"column":8},"end":{"line":149,"column":8}},{"start":{"line":149,"column":8},"end":{"line":149,"column":8}}]},"19":{"line":153,"type":"if","locations":[{"start":{"line":153,"column":8},"end":{"line":153,"column":8}},{"start":{"line":153,"column":8},"end":{"line":153,"column":8}}]},"20":{"line":177,"type":"if","locations":[{"start":{"line":177,"column":57},"end":{"line":177,"column":57}},{"start":{"line":177,"column":57},"end":{"line":177,"column":57}}]},"21":{"line":182,"type":"if","locations":[{"start":{"line":182,"column":50},"end":{"line":182,"column":50}},{"start":{"line":182,"column":50},"end":{"line":182,"column":50}}]},"22":{"line":187,"type":"if","locations":[{"start":{"line":187,"column":60},"end":{"line":187,"column":60}},{"start":{"line":187,"column":60},"end":{"line":187,"column":60}}]},"23":{"line":188,"type":"if","locations":[{"start":{"line":188,"column":8},"end":{"line":188,"column":8}},{"start":{"line":188,"column":8},"end":{"line":188,"column":8}}]}}},
"contracts/My_Staking_Contract.sol":{"l":{"53":25,"54":25,"56":25,"57":25,"62":25,"63":24,"64":24,"66":25,"70":14,"76":16,"78":15,"79":15,"80":15,"82":15,"83":0,"85":15,"87":15,"89":14,"93":2,"100":26,"101":26,"102":26,"104":11,"105":11,"107":11,"113":4,"115":2,"121":4,"123":4,"124":4,"125":4,"126":4,"128":4,"134":2,"135":1,"141":3,"143":2,"145":2,"151":1,"157":1,"158":1,"164":1,"165":1,"170":3,"175":1,"182":4,"183":4,"184":4,"185":4,"186":4,"187":4,"191":4,"192":4,"193":4,"194":4},"path":"/home/wtc/Documents/Workshops/staking_contracts/contracts/My_Staking_Contract.sol","s":{"1":25,"2":25,"3":25,"4":14,"5":16,"6":15,"7":15,"8":15,"9":14,"10":2,"11":26,"12":26,"13":26,"14":15,"15":11,"16":11,"17":11,"18":4,"19":2,"20":4,"21":4,"22":4,"23":4,"24":2,"25":1,"26":3,"27":2,"28":1,"29":1,"30":1,"31":3,"32":1,"33":4,"34":4,"35":4,"36":4,"37":4,"38":4},"b":{"1":[25,0],"2":[25,0],"3":[24,1],"4":[17,0],"5":[16,1],"6":[16,0],"7":[15,1],"8":[0,15],"9":[15,11],"10":[4,0],"11":[4,0],"12":[4,0],"13":[2,2],"14":[4,0],"15":[4,0],"16":[4,0],"17":[4,0],"18":[3,0],"19":[2,1],"20":[1,1],"21":[1,1],"22":[1,0],"23":[1,1],"24":[3,1],"25":[1,1],"26":[4,0]},"f":{"1":25,"2":25,"3":14,"4":16,"5":2,"6":26,"7":4,"8":4,"9":2,"10":3,"11":1,"12":1,"13":1,"14":3,"15":1,"16":4},"fnMap":{"1":{"name":"constructor","line":52,"loc":{"start":{"line":49,"column":4},"end":{"line":58,"column":4}}},"2":{"name":"updateReward","line":61,"loc":{"start":{"line":61,"column":4},"end":{"line":67,"column":4}}},"3":{"name":"onERC721Received","line":69,"loc":{"start":{"line":69,"column":4},"end":{"line":71,"column":4}}},"4":{"name":"stake","line":75,"loc":{"start":{"line":75,"column":4},"end":{"line":90,"column":4}}},"5":{"name":"getStakedTokenIds","line":92,"loc":{"start":{"line":92,"column":4},"end":{"line":94,"column":4}}},"6":{"name":"calculateRewards","line":99,"loc":{"start":{"line":99,"column":4},"end":{"line":108,"column":4}}},"7":{"name":"withdraw","line":112,"loc":{"start":{"line":112,"column":4},"end":{"line":116,"column":4}}},"8":{"name":"claimRewards","line":120,"loc":{"start":{"line":120,"column":4},"end":{"line":129,"column":4}}},"9":{"name":"withdrawAndClaim","line":133,"loc":{"start":{"line":133,"column":4},"end":{"line":136,"column":4}}},"10":{"name":"emergencyWithdraw","line":140,"loc":{"start":{"line":140,"column":4},"end":{"line":146,"column":4}}},"11":{"name":"fundRewards","line":150,"loc":{"start":{"line":150,"column":4},"end":{"line":152,"column":4}}},"12":{"name":"setRewardRate","line":156,"loc":{"start":{"line":156,"column":4},"end":{"line":159,"column":4}}},"13":{"name":"setCoolTime","line":163,"loc":{"start":{"line":163,"column":4},"end":{"line":166,"column":4}}},"14":{"name":"pause","line":169,"loc":{"start":{"line":169,"column":4},"end":{"line":171,"column":4}}},"15":{"name":"unpause","line":174,"loc":{"start":{"line":174,"column":4},"end":{"line":176,"column":4}}},"16":{"name":"_withdrawSingle","line":181,"loc":{"start":{"line":181,"column":4},"end":{"line":195,"column":4}}}},"statementMap":{"1":{"start":{"line":53,"column":8},"end":{"line":53,"column":66}},"2":{"start":{"line":54,"column":8},"end":{"line":54,"column":66}},"3":{"start":{"line":62,"column":8},"end":{"line":62,"column":2174}},"4":{"start":{"line":70,"column":4},"end":{"line":70,"column":52}},"5":{"start":{"line":76,"column":8},"end":{"line":76,"column":71}},"6":{"start":{"line":78,"column":8},"end":{"line":78,"column":56}},"7":{"start":{"line":82,"column":8},"end":{"line":82,"column":2958}},"8":{"start":{"line":87,"column":8},"end":{"line":87,"column":70}},"9":{"start":{"line":89,"column":8},"end":{"line":89,"column":40}},"10":{"start":{"line":93,"column":4},"end":{"line":93,"column":40}},"11":{"start":{"line":100,"column":8},"end":{"line":100,"column":44}},"12":{"start":{"line":101,"column":8},"end":{"line":101,"column":52}},"13":{"start":{"line":102,"column":8},"end":{"line":102,"column":45}},"14":{"start":{"line":102,"column":26},"end":{"line":102,"column":45}},"15":{"start":{"line":104,"column":8},"end":{"line":104,"column":65}},"16":{"start":{"line":105,"column":8},"end":{"line":105,"column":69}},"17":{"start":{"line":107,"column":8},"end":{"line":107,"column":40}},"18":{"start":{"line":113,"column":8},"end":{"line":113,"column":91}},"19":{"start":{"line":115,"column":8},"end":{"line":115,"column":43}},"20":{"start":{"line":121,"column":8},"end":{"line":121,"column":53}},"21":{"start":{"line":123,"column":8},"end":{"line":123,"column":4577}},"22":{"start":{"line":125,"column":12},"end":{"line":125,"column":55}},"23":{"start":{"line":126,"column":12},"end":{"line":126,"column":51}},"24":{"start":{"line":134,"column":8},"end":{"line":134,"column":24}},"25":{"start":{"line":135,"column":8},"end":{"line":135,"column":21}},"26":{"start":{"line":141,"column":8},"end":{"line":141,"column":65}},"27":{"start":{"line":143,"column":8},"end":{"line":143,"column":43}},"28":{"start":{"line":151,"column":8},"end":{"line":151,"column":70}},"29":{"start":{"line":158,"column":8},"end":{"line":158,"column":43}},"30":{"start":{"line":165,"column":8},"end":{"line":165,"column":46}},"31":{"start":{"line":170,"column":8},"end":{"line":170,"column":15}},"32":{"start":{"line":175,"column":8},"end":{"line":175,"column":17}},"33":{"start":{"line":182,"column":8},"end":{"line":182,"column":67}},"34":{"start":{"line":183,"column":8},"end":{"line":183,"column":6752}},"35":{"start":{"line":184,"column":12},"end":{"line":184,"column":6817}},"36":{"start":{"line":186,"column":16},"end":{"line":186,"column":30}},"37":{"start":{"line":193,"column":8},"end":{"line":193,"column":64}},"38":{"start":{"line":194,"column":8},"end":{"line":194,"column":37}}},"branchMap":{"1":{"line":53,"type":"if","locations":[{"start":{"line":53,"column":8},"end":{"line":53,"column":8}},{"start":{"line":53,"column":8},"end":{"line":53,"column":8}}]},"2":{"line":54,"type":"if","locations":[{"start":{"line":54,"column":8},"end":{"line":54,"column":8}},{"start":{"line":54,"column":8},"end":{"line":54,"column":8}}]},"3":{"line":62,"type":"if","locations":[{"start":{"line":62,"column":8},"end":{"line":62,"column":8}},{"start":{"line":62,"column":8},"end":{"line":62,"column":8}}]},"4":{"line":75,"type":"if","locations":[{"start":{"line":75,"column":45},"end":{"line":75,"column":45}},{"start":{"line":75,"column":45},"end":{"line":75,"column":45}}]},"5":{"line":75,"type":"if","locations":[{"start":{"line":75,"column":58},"end":{"line":75,"column":58}},{"start":{"line":75,"column":58},"end":{"line":75,"column":58}}]},"6":{"line":75,"type":"if","locations":[{"start":{"line":75,"column":72},"end":{"line":75,"column":72}},{"start":{"line":75,"column":72},"end":{"line":75,"column":72}}]},"7":{"line":76,"type":"if","locations":[{"start":{"line":76,"column":8},"end":{"line":76,"column":8}},{"start":{"line":76,"column":8},"end":{"line":76,"column":8}}]},"8":{"line":82,"type":"if","locations":[{"start":{"line":82,"column":8},"end":{"line":82,"column":8}},{"start":{"line":82,"column":8},"end":{"line":82,"column":8}}]},"9":{"line":102,"type":"if","locations":[{"start":{"line":102,"column":8},"end":{"line":102,"column":8}},{"start":{"line":102,"column":8},"end":{"line":102,"column":8}}]},"10":{"line":112,"type":"if","locations":[{"start":{"line":112,"column":46},"end":{"line":112,"column":46}},{"start":{"line":112,"column":46},"end":{"line":112,"column":46}}]},"11":{"line":112,"type":"if","locations":[{"start":{"line":112,"column":59},"end":{"line":112,"column":59}},{"start":{"line":112,"column":59},"end":{"line":112,"column":59}}]},"12":{"line":112,"type":"if","locations":[{"start":{"line":112,"column":73},"end":{"line":112,"column":73}},{"start":{"line":112,"column":73},"end":{"line":112,"column":73}}]},"13":{"line":113,"type":"if","locations":[{"start":{"line":113,"column":8},"end":{"line":113,"column":8}},{"start":{"line":113,"column":8},"end":{"line":113,"column":8}}]},"14":{"line":120,"type":"if","locations":[{"start":{"line":120,"column":36},"end":{"line":120,"column":36}},{"start":{"line":120,"column":36},"end":{"line":120,"column":36}}]},"15":{"line":120,"type":"if","locations":[{"start":{"line":120,"column":49},"end":{"line":120,"column":49}},{"start":{"line":120,"column":49},"end":{"line":120,"column":49}}]},"16":{"line":120,"type":"if","locations":[{"start":{"line":120,"column":63},"end":{"line":120,"column":63}},{"start":{"line":120,"column":63},"end":{"line":120,"column":63}}]},"17":{"line":123,"type":"if","locations":[{"start":{"line":123,"column":8},"end":{"line":123,"column":8}},{"start":{"line":123,"column":8},"end":{"line":123,"column":8}}]},"18":{"line":140,"type":"if","locations":[{"start":{"line":140,"column":57},"end":{"line":140,"column":57}},{"start":{"line":140,"column":57},"end":{"line":140,"column":57}}]},"19":{"line":141,"type":"if","locations":[{"start":{"line":141,"column":8},"end":{"line":141,"column":8}},{"start":{"line":141,"column":8},"end":{"line":141,"column":8}}]},"20":{"line":150,"type":"if","locations":[{"start":{"line":150,"column":50},"end":{"line":150,"column":50}},{"start":{"line":150,"column":50},"end":{"line":150,"column":50}}]},"21":{"line":156,"type":"if","locations":[{"start":{"line":156,"column":57},"end":{"line":156,"column":57}},{"start":{"line":156,"column":57},"end":{"line":156,"column":57}}]},"22":{"line":156,"type":"if","locations":[{"start":{"line":156,"column":67},"end":{"line":156,"column":67}},{"start":{"line":156,"column":67},"end":{"line":156,"column":67}}]},"23":{"line":163,"type":"if","locations":[{"start":{"line":163,"column":53},"end":{"line":163,"column":53}},{"start":{"line":163,"column":53},"end":{"line":163,"column":53}}]},"24":{"line":169,"type":"if","locations":[{"start":{"line":169,"column":30},"end":{"line":169,"column":30}},{"start":{"line":169,"column":30},"end":{"line":169,"column":30}}]},"25":{"line":174,"type":"if","locations":[{"start":{"line":174,"column":32},"end":{"line":174,"column":32}},{"start":{"line":174,"column":32},"end":{"line":174,"column":32}}]},"26":{"line":184,"type":"if","locations":[{"start":{"line":184,"column":12},"end":{"line":184,"column":12}},{"start":{"line":184,"column":12},"end":{"line":184,"column":12}}]}}},
"contracts/NFT.sol":{"l":{"213":0,"236":0,"237":0,"239":0,"240":0,"241":0,"242":0,"243":0,"245":0,"246":0,"247":0,"248":0,"249":0,"251":0,"258":0,"259":0,"261":0,"262":0,"263":0,"264":0,"265":0,"267":0,"274":0,"275":0,"276":0,"277":0,"278":0,"279":0,"281":0,"282":0,"318":34,"319":34,"322":34,"342":0,"344":0,"345":0,"367":0,"381":0,"400":0,"415":0,"416":0,"418":0,"419":0,"429":0,"443":0,"445":0,"446":0,"456":0,"470":0,"472":0,"473":0,"487":0,"488":0,"491":0,"494":0,"499":0,"576":153,"580":0,"618":25,"619":25,"626":0,"636":60,"637":60,"644":56,"645":56,"646":56,"653":0,"660":0,"667":0,"669":0,"670":0,"679":0,"686":0,"687":0,"689":0,"694":0,"701":15,"703":15,"710":15,"712":15,"713":15,"720":15,"732":0,"734":0,"745":19,"757":19,"758":19,"785":19,"786":18,"798":50,"809":19,"810":19,"811":19,"825":16,"837":16,"838":16,"857":16,"858":16,"860":16,"862":16,"863":16,"865":16,"879":0,"881":0,"884":0,"886":0,"887":0,"889":0,"908":19,"909":18,"911":18,"914":18,"916":18,"917":18,"918":18,"920":18,"929":18,"930":18,"949":34,"950":14,"951":14,"953":0,"954":0,"956":0,"962":20,"1017":0,"1024":0,"1025":0,"1032":30,"1039":0,"1040":0,"1063":34,"1065":34,"1066":16,"1068":18,"1070":34,"1071":0,"1073":34,"1083":34,"1084":34,"1085":34,"1093":16,"1094":16,"1109":18,"1110":18,"1113":18,"1114":1,"1116":1,"1117":1,"1121":18,"1122":18,"1134":0,"1135":0,"1140":0,"1142":0,"1143":0,"1146":0,"1147":0,"1175":25,"1182":66,"1189":50,"1190":50,"1201":0,"1209":0,"1210":0,"1214":25,"1215":25,"1216":25,"1240":25,"1241":25,"1246":0,"1251":15,"1252":15,"1253":15,"1254":15,"1255":15,"1257":15,"1258":15,"1261":15,"1262":16,"1269":0,"1270":0,"1271":0,"1272":0,"1274":0,"1280":0,"1285":0,"1286":0,"1289":0,"1290":0,"1297":0,"1302":0,"1307":0,"1312":25,"1317":25,"1322":0,"1327":0,"1336":0,"1337":0},"path":"/home/wtc/Documents/Workshops/staking_contracts/contracts/NFT.sol","s":{"1":0,"2":0,"3":0,"4":0,"5":0,"6":0,"7":0,"8":0,"9":0,"10":0,"11":0,"12":0,"13":0,"14":0,"15":0,"16":0,"17":0,"18":0,"19":0,"20":34,"21":34,"22":0,"23":0,"24":0,"25":0,"26":0,"27":0,"28":0,"29":0,"30":0,"31":0,"32":0,"33":0,"34":0,"35":0,"36":0,"37":0,"38":0,"39":0,"40":0,"41":0,"42":0,"43":0,"44":153,"45":0,"46":0,"47":60,"48":60,"49":56,"50":56,"51":56,"52":0,"53":0,"54":0,"55":0,"56":0,"57":0,"58":0,"59":0,"60":0,"61":0,"62":15,"63":15,"64":15,"65":15,"66":15,"67":0,"68":0,"69":19,"70":19,"71":19,"72":19,"73":18,"74":50,"75":19,"76":19,"77":19,"78":16,"79":16,"80":16,"81":16,"82":16,"83":16,"84":16,"85":0,"86":0,"87":0,"88":0,"89":19,"90":18,"91":18,"92":18,"93":18,"94":18,"95":34,"96":14,"97":14,"98":0,"99":0,"100":20,"101":0,"102":0,"103":0,"104":30,"105":0,"106":0,"107":34,"108":34,"109":16,"110":18,"111":18,"112":34,"113":0,"114":34,"115":34,"116":34,"117":16,"118":18,"119":18,"120":18,"121":1,"122":0,"123":0,"124":0,"125":0,"126":25,"127":66,"128":50,"129":0,"130":0,"131":0,"132":25,"133":25,"134":25,"135":25,"136":0,"137":15,"138":15,"139":15,"140":15,"141":15,"142":15,"143":15,"144":15,"145":16,"146":0,"147":0,"148":0,"149":0,"150":0,"151":0,"152":0,"153":0,"154":0,"155":0,"156":0},"b":{"1":[0,0],"2":[0,0],"3":[0,0],"4":[0,0],"5":[0,0],"6":[0,0],"7":[0,0],"8":[0,0],"9":[0,0],"10":[0,0],"11":[0,0],"12":[0,0],"13":[0,0],"14":[60,0],"15":[56,0],"16":[0,0],"17":[0,0],"18":[0,0],"19":[0,0],"20":[0,0],"21":[15,0],"22":[15,0],"23":[0,0],"24":[19,0],"25":[18,0],"26":[19,0],"27":[4,0],"28":[0,15],"29":[16,0],"30":[16,0],"31":[16,0],"32":[18,1],"33":[18,0],"34":[14,20],"35":[0,0],"36":[0,0],"37":[0,0],"38":[0,0],"39":[16,18],"40":[18,0],"41":[0,34],"42":[34,0],"43":[1,17],"44":[50,0],"45":[0,0],"46":[0,0],"47":[0,0],"48":[15,0],"49":[15,0],"50":[15,0],"51":[15,0],"52":[15,0],"53":[15,0],"54":[0,0],"55":[0,0],"56":[0,0],"57":[0,0],"58":[0,0],"59":[0,0],"60":[25,0],"61":[25,0],"62":[0,0],"63":[0,0],"64":[0,0],"65":[0,0]},"f":{"1":0,"2":0,"3":0,"4":0,"5":34,"6":0,"7":0,"8":0,"9":0,"10":0,"11":0,"12":0,"13":0,"14":0,"15":0,"16":153,"17":0,"18":25,"19":0,"20":60,"21":56,"22":0,"23":0,"24":0,"25":0,"26":0,"27":15,"28":15,"29":15,"30":0,"31":19,"32":19,"33":19,"34":50,"35":19,"36":16,"37":16,"38":16,"39":0,"40":19,"41":18,"42":34,"43":34,"44":0,"45":0,"46":30,"47":0,"48":34,"49":34,"50":16,"51":18,"52":0,"53":25,"54":66,"55":50,"56":0,"57":0,"58":25,"59":25,"60":0,"61":15,"62":0,"63":0,"64":0,"65":0,"66":0,"67":25,"68":25,"69":0,"70":0,"71":0},"fnMap":{"1":{"name":"supportsInterface","line":212,"loc":{"start":{"line":212,"column":4},"end":{"line":214,"column":4}}},"2":{"name":"toString","line":232,"loc":{"start":{"line":232,"column":4},"end":{"line":252,"column":4}}},"3":{"name":"toHexString","line":257,"loc":{"start":{"line":257,"column":4},"end":{"line":268,"column":4}}},"4":{"name":"toHexString","line":273,"loc":{"start":{"line":273,"column":4},"end":{"line":283,"column":4}}},"5":{"name":"isContract","line":313,"loc":{"start":{"line":313,"column":4},"end":{"line":323,"column":4}}},"6":{"name":"sendValue","line":341,"loc":{"start":{"line":341,"column":4},"end":{"line":346,"column":4}}},"7":{"name":"functionCall","line":366,"loc":{"start":{"line":366,"column":4},"end":{"line":368,"column":4}}},"8":{"name":"functionCall","line":376,"loc":{"start":{"line":376,"column":4},"end":{"line":382,"column":4}}},"9":{"name":"functionCallWithValue","line":395,"loc":{"start":{"line":395,"column":4},"end":{"line":401,"column":4}}},"10":{"name":"functionCallWithValue","line":409,"loc":{"start":{"line":409,"column":4},"end":{"line":420,"column":4}}},"11":{"name":"functionStaticCall","line":428,"loc":{"start":{"line":428,"column":4},"end":{"line":430,"column":4}}},"12":{"name":"functionStaticCall","line":438,"loc":{"start":{"line":438,"column":4},"end":{"line":447,"column":4}}},"13":{"name":"functionDelegateCall","line":455,"loc":{"start":{"line":455,"column":4},"end":{"line":457,"column":4}}},"14":{"name":"functionDelegateCall","line":465,"loc":{"start":{"line":465,"column":4},"end":{"line":474,"column":4}}},"15":{"name":"verifyCallResult","line":482,"loc":{"start":{"line":482,"column":4},"end":{"line":502,"column":4}}},"16":{"name":"_msgSender","line":575,"loc":{"start":{"line":575,"column":4},"end":{"line":577,"column":4}}},"17":{"name":"_msgData","line":579,"loc":{"start":{"line":579,"column":4},"end":{"line":581,"column":4}}},"18":{"name":"constructor","line":617,"loc":{"start":{"line":617,"column":4},"end":{"line":620,"column":4}}},"19":{"name":"supportsInterface","line":625,"loc":{"start":{"line":625,"column":4},"end":{"line":630,"column":4}}},"20":{"name":"balanceOf","line":635,"loc":{"start":{"line":635,"column":4},"end":{"line":638,"column":4}}},"21":{"name":"ownerOf","line":643,"loc":{"start":{"line":643,"column":4},"end":{"line":647,"column":4}}},"22":{"name":"name","line":652,"loc":{"start":{"line":652,"column":4},"end":{"line":654,"column":4}}},"23":{"name":"symbol","line":659,"loc":{"start":{"line":659,"column":4},"end":{"line":661,"column":4}}},"24":{"name":"tokenURI","line":666,"loc":{"start":{"line":666,"column":4},"end":{"line":671,"column":4}}},"25":{"name":"_baseURI","line":678,"loc":{"start":{"line":678,"column":4},"end":{"line":680,"column":4}}},"26":{"name":"approve","line":685,"loc":{"start":{"line":685,"column":4},"end":{"line":695,"column":4}}},"27":{"name":"getApproved","line":700,"loc":{"start":{"line":700,"column":4},"end":{"line":704,"column":4}}},"28":{"name":"setApprovalForAll","line":709,"loc":{"start":{"line":709,"column":4},"end":{"line":714,"column":4}}},"29":{"name":"isApprovedForAll","line":719,"loc":{"start":{"line":719,"column":4},"end":{"line":721,"column":4}}},"30":{"name":"transferFrom","line":726,"loc":{"start":{"line":726,"column":4},"end":{"line":735,"column":4}}},"31":{"name":"safeTransferFrom","line":740,"loc":{"start":{"line":740,"column":4},"end":{"line":746,"column":4}}},"32":{"name":"safeTransferFrom","line":751,"loc":{"start":{"line":751,"column":4},"end":{"line":759,"column":4}}},"33":{"name":"_safeTransfer","line":779,"loc":{"start":{"line":779,"column":4},"end":{"line":787,"column":4}}},"34":{"name":"_exists","line":797,"loc":{"start":{"line":797,"column":4},"end":{"line":799,"column":4}}},"35":{"name":"_isApprovedOrOwner","line":808,"loc":{"start":{"line":808,"column":4},"end":{"line":812,"column":4}}},"36":{"name":"_safeMint","line":824,"loc":{"start":{"line":824,"column":4},"end":{"line":826,"column":4}}},"37":{"name":"_safeMint","line":832,"loc":{"start":{"line":832,"column":4},"end":{"line":842,"column":4}}},"38":{"name":"_mint","line":856,"loc":{"start":{"line":856,"column":4},"end":{"line":866,"column":4}}},"39":{"name":"_burn","line":878,"loc":{"start":{"line":878,"column":4},"end":{"line":890,"column":4}}},"40":{"name":"_transfer","line":903,"loc":{"start":{"line":903,"column":4},"end":{"line":921,"column":4}}},"41":{"name":"_approve","line":928,"loc":{"start":{"line":928,"column":4},"end":{"line":931,"column":4}}},"42":{"name":"_checkOnERC721Received","line":943,"loc":{"start":{"line":943,"column":4},"end":{"line":964,"column":4}}},"43":{"name":"_beforeTokenTransfer","line":980,"loc":{"start":{"line":980,"column":4},"end":{"line":984,"column":24}}},"44":{"name":"supportsInterface","line":1016,"loc":{"start":{"line":1016,"column":4},"end":{"line":1018,"column":4}}},"45":{"name":"tokenOfOwnerByIndex","line":1023,"loc":{"start":{"line":1023,"column":4},"end":{"line":1026,"column":4}}},"46":{"name":"totalSupply","line":1031,"loc":{"start":{"line":1031,"column":4},"end":{"line":1033,"column":4}}},"47":{"name":"tokenByIndex","line":1038,"loc":{"start":{"line":1038,"column":4},"end":{"line":1041,"column":4}}},"48":{"name":"_beforeTokenTransfer","line":1058,"loc":{"start":{"line":1058,"column":4},"end":{"line":1075,"column":4}}},"49":{"name":"_addTokenToOwnerEnumeration","line":1082,"loc":{"start":{"line":1082,"column":4},"end":{"line":1086,"column":4}}},"50":{"name":"_addTokenToAllTokensEnumeration","line":1092,"loc":{"start":{"line":1092,"column":4},"end":{"line":1095,"column":4}}},"51":{"name":"_removeTokenFromOwnerEnumeration","line":1105,"loc":{"start":{"line":1105,"column":4},"end":{"line":1123,"column":4}}},"52":{"name":"_removeTokenFromAllTokensEnumeration","line":1130,"loc":{"start":{"line":1130,"column":4},"end":{"line":1148,"column":4}}},"53":{"name":"constructor","line":1174,"loc":{"start":{"line":1174,"column":4},"end":{"line":1176,"column":4}}},"54":{"name":"owner","line":1181,"loc":{"start":{"line":1181,"column":4},"end":{"line":1183,"column":4}}},"55":{"name":"onlyOwner","line":1188,"loc":{"start":{"line":1188,"column":4},"end":{"line":1191,"column":4}}},"56":{"name":"renounceOwnership","line":1200,"loc":{"start":{"line":1200,"column":4},"end":{"line":1202,"column":4}}},"57":{"name":"transferOwnership","line":1208,"loc":{"start":{"line":1208,"column":4},"end":{"line":1211,"column":4}}},"58":{"name":"_setOwner","line":1213,"loc":{"start":{"line":1213,"column":4},"end":{"line":1217,"column":4}}},"59":{"name":"constructor","line":1239,"loc":{"start":{"line":1234,"column":2},"end":{"line":1242,"column":2}}},"60":{"name":"_baseURI","line":1245,"loc":{"start":{"line":1245,"column":2},"end":{"line":1247,"column":2}}},"61":{"name":"mint","line":1250,"loc":{"start":{"line":1250,"column":2},"end":{"line":1264,"column":2}}},"62":{"name":"walletOfOwner","line":1267,"loc":{"start":{"line":1267,"column":2},"end":{"line":1275,"column":2}}},"63":{"name":"tokenURI","line":1278,"loc":{"start":{"line":1278,"column":2},"end":{"line":1293,"column":2}}},"64":{"name":"reveal","line":1296,"loc":{"start":{"line":1296,"column":2},"end":{"line":1298,"column":2}}},"65":{"name":"setCost","line":1301,"loc":{"start":{"line":1301,"column":2},"end":{"line":1303,"column":2}}},"66":{"name":"setmaxMintAmount","line":1306,"loc":{"start":{"line":1306,"column":2},"end":{"line":1308,"column":2}}},"67":{"name":"setNotRevealedURI","line":1311,"loc":{"start":{"line":1311,"column":2},"end":{"line":1313,"column":2}}},"68":{"name":"setBaseURI","line":1316,"loc":{"start":{"line":1316,"column":2},"end":{"line":1318,"column":2}}},"69":{"name":"setBaseExtension","line":1321,"loc":{"start":{"line":1321,"column":2},"end":{"line":1323,"column":2}}},"70":{"name":"pause","line":1326,"loc":{"start":{"line":1326,"column":2},"end":{"line":1328,"column":2}}},"71":{"name":"withdraw","line":1331,"loc":{"start":{"line":1331,"column":2},"end":{"line":1339,"column":2}}}},"statementMap":{"1":{"start":{"line":213,"column":8},"end":{"line":213,"column":55}},"2":{"start":{"line":236,"column":8},"end":{"line":236,"column":7962}},"3":{"start":{"line":237,"column":12},"end":{"line":237,"column":22}},"4":{"start":{"line":239,"column":8},"end":{"line":239,"column":28}},"5":{"start":{"line":240,"column":8},"end":{"line":240,"column":22}},"6":{"start":{"line":241,"column":8},"end":{"line":241,"column":8076}},"7":{"start":{"line":245,"column":8},"end":{"line":245,"column":47}},"8":{"start":{"line":246,"column":8},"end":{"line":246,"column":8209}},"9":{"start":{"line":251,"column":8},"end":{"line":251,"column":29}},"10":{"start":{"line":258,"column":8},"end":{"line":258,"column":8585}},"11":{"start":{"line":259,"column":12},"end":{"line":259,"column":25}},"12":{"start":{"line":261,"column":8},"end":{"line":261,"column":28}},"13":{"start":{"line":262,"column":8},"end":{"line":262,"column":26}},"14":{"start":{"line":263,"column":8},"end":{"line":263,"column":8706}},"15":{"start":{"line":267,"column":8},"end":{"line":267,"column":41}},"16":{"start":{"line":274,"column":8},"end":{"line":274,"column":55}},"17":{"start":{"line":277,"column":8},"end":{"line":277,"column":9160}},"18":{"start":{"line":281,"column":8},"end":{"line":281,"column":62}},"19":{"start":{"line":282,"column":8},"end":{"line":282,"column":29}},"20":{"start":{"line":318,"column":8},"end":{"line":318,"column":20}},"21":{"start":{"line":322,"column":8},"end":{"line":322,"column":23}},"22":{"start":{"line":342,"column":8},"end":{"line":342,"column":80}},"23":{"start":{"line":344,"column":8},"end":{"line":344,"column":60}},"24":{"start":{"line":345,"column":8},"end":{"line":345,"column":85}},"25":{"start":{"line":367,"column":8},"end":{"line":367,"column":75}},"26":{"start":{"line":381,"column":8},"end":{"line":381,"column":67}},"27":{"start":{"line":400,"column":8},"end":{"line":400,"column":102}},"28":{"start":{"line":415,"column":8},"end":{"line":415,"column":88}},"29":{"start":{"line":416,"column":8},"end":{"line":416,"column":67}},"30":{"start":{"line":418,"column":8},"end":{"line":418,"column":81}},"31":{"start":{"line":419,"column":8},"end":{"line":419,"column":66}},"32":{"start":{"line":429,"column":8},"end":{"line":429,"column":88}},"33":{"start":{"line":443,"column":8},"end":{"line":443,"column":74}},"34":{"start":{"line":445,"column":8},"end":{"line":445,"column":73}},"35":{"start":{"line":446,"column":8},"end":{"line":446,"column":66}},"36":{"start":{"line":456,"column":8},"end":{"line":456,"column":92}},"37":{"start":{"line":470,"column":8},"end":{"line":470,"column":76}},"38":{"start":{"line":472,"column":8},"end":{"line":472,"column":75}},"39":{"start":{"line":473,"column":8},"end":{"line":473,"column":66}},"40":{"start":{"line":487,"column":8},"end":{"line":487,"column":16750}},"41":{"start":{"line":488,"column":12},"end":{"line":488,"column":29}},"42":{"start":{"line":491,"column":12},"end":{"line":491,"column":16895}},"43":{"start":{"line":499,"column":16},"end":{"line":499,"column":35}},"44":{"start":{"line":576,"column":8},"end":{"line":576,"column":25}},"45":{"start":{"line":580,"column":8},"end":{"line":580,"column":23}},"46":{"start":{"line":626,"column":8},"end":{"line":626,"column":21152}},"47":{"start":{"line":636,"column":8},"end":{"line":636,"column":81}},"48":{"start":{"line":637,"column":8},"end":{"line":637,"column":31}},"49":{"start":{"line":644,"column":8},"end":{"line":644,"column":40}},"50":{"start":{"line":645,"column":8},"end":{"line":645,"column":80}},"51":{"start":{"line":646,"column":8},"end":{"line":646,"column":20}},"52":{"start":{"line":653,"column":8},"end":{"line":653,"column":20}},"53":{"start":{"line":660,"column":8},"end":{"line":660,"column":22}},"54":{"start":{"line":667,"column":8},"end":{"line":667,"column":83}},"55":{"start":{"line":669,"column":8},"end":{"line":669,"column":42}},"56":{"start":{"line":670,"column":8},"end":{"line":670,"column":101}},"57":{"start":{"line":679,"column":8},"end":{"line":679,"column":17}},"58":{"start":{"line":686,"column":8},"end":{"line":686,"column":47}},"59":{"start":{"line":687,"column":8},"end":{"line":687,"column":64}},"60":{"start":{"line":689,"column":8},"end":{"line":689,"column":23158}},"61":{"start":{"line":694,"column":8},"end":{"line":694,"column":28}},"62":{"start":{"line":701,"column":8},"end":{"line":701,"column":80}},"63":{"start":{"line":703,"column":8},"end":{"line":703,"column":39}},"64":{"start":{"line":710,"column":8},"end":{"line":710,"column":69}},"65":{"start":{"line":713,"column":8},"end":{"line":713,"column":61}},"66":{"start":{"line":720,"column":8},"end":{"line":720,"column":50}},"67":{"start":{"line":732,"column":8},"end":{"line":732,"column":110}},"68":{"start":{"line":734,"column":8},"end":{"line":734,"column":35}},"69":{"start":{"line":745,"column":8},"end":{"line":745,"column":46}},"70":{"start":{"line":757,"column":8},"end":{"line":757,"column":110}},"71":{"start":{"line":758,"column":8},"end":{"line":758,"column":46}},"72":{"start":{"line":785,"column":8},"end":{"line":785,"column":35}},"73":{"start":{"line":786,"column":8},"end":{"line":786,"column":118}},"74":{"start":{"line":798,"column":8},"end":{"line":798,"column":45}},"75":{"start":{"line":809,"column":8},"end":{"line":809,"column":80}},"76":{"start":{"line":810,"column":8},"end":{"line":810,"column":47}},"77":{"start":{"line":811,"column":8},"end":{"line":811,"column":104}},"78":{"start":{"line":825,"column":8},"end":{"line":825,"column":33}},"79":{"start":{"line":837,"column":8},"end":{"line":837,"column":25}},"80":{"start":{"line":838,"column":8},"end":{"line":838,"column":28159}},"81":{"start":{"line":857,"column":8},"end":{"line":857,"column":68}},"82":{"start":{"line":858,"column":8},"end":{"line":858,"column":65}},"83":{"start":{"line":860,"column":8},"end":{"line":860,"column":52}},"84":{"start":{"line":865,"column":8},"end":{"line":865,"column":46}},"85":{"start":{"line":879,"column":8},"end":{"line":879,"column":47}},"86":{"start":{"line":881,"column":8},"end":{"line":881,"column":55}},"87":{"start":{"line":884,"column":8},"end":{"line":884,"column":36}},"88":{"start":{"line":889,"column":8},"end":{"line":889,"column":49}},"89":{"start":{"line":908,"column":8},"end":{"line":908,"column":92}},"90":{"start":{"line":909,"column":8},"end":{"line":909,"column":72}},"91":{"start":{"line":911,"column":8},"end":{"line":911,"column":46}},"92":{"start":{"line":914,"column":8},"end":{"line":914,"column":36}},"93":{"start":{"line":920,"column":8},"end":{"line":920,"column":40}},"94":{"start":{"line":930,"column":8},"end":{"line":930,"column":59}},"95":{"start":{"line":949,"column":8},"end":{"line":949,"column":31461}},"96":{"start":{"line":950,"column":12},"end":{"line":950,"column":31500}},"97":{"start":{"line":951,"column":16},"end":{"line":951,"column":74}},"98":{"start":{"line":953,"column":16},"end":{"line":953,"column":31743}},"99":{"start":{"line":954,"column":20},"end":{"line":954,"column":79}},"100":{"start":{"line":962,"column":12},"end":{"line":962,"column":23}},"101":{"start":{"line":1017,"column":8},"end":{"line":1017,"column":105}},"102":{"start":{"line":1024,"column":8},"end":{"line":1024,"column":94}},"103":{"start":{"line":1025,"column":8},"end":{"line":1025,"column":41}},"104":{"start":{"line":1032,"column":8},"end":{"line":1032,"column":32}},"105":{"start":{"line":1039,"column":8},"end":{"line":1039,"column":102}},"106":{"start":{"line":1040,"column":8},"end":{"line":1040,"column":32}},"107":{"start":{"line":1063,"column":8},"end":{"line":1063,"column":52}},"108":{"start":{"line":1065,"column":8},"end":{"line":1065,"column":35485}},"109":{"start":{"line":1066,"column":12},"end":{"line":1066,"column":51}},"110":{"start":{"line":1067,"column":15},"end":{"line":1067,"column":35580}},"111":{"start":{"line":1068,"column":12},"end":{"line":1068,"column":58}},"112":{"start":{"line":1070,"column":8},"end":{"line":1070,"column":35677}},"113":{"start":{"line":1071,"column":12},"end":{"line":1071,"column":56}},"114":{"start":{"line":1072,"column":15},"end":{"line":1072,"column":35775}},"115":{"start":{"line":1073,"column":12},"end":{"line":1073,"column":51}},"116":{"start":{"line":1083,"column":8},"end":{"line":1083,"column":45}},"117":{"start":{"line":1094,"column":8},"end":{"line":1094,"column":31}},"118":{"start":{"line":1109,"column":8},"end":{"line":1109,"column":59}},"119":{"start":{"line":1110,"column":8},"end":{"line":1110,"column":55}},"120":{"start":{"line":1113,"column":8},"end":{"line":1113,"column":37816}},"121":{"start":{"line":1114,"column":12},"end":{"line":1114,"column":68}},"122":{"start":{"line":1134,"column":8},"end":{"line":1134,"column":54}},"123":{"start":{"line":1135,"column":8},"end":{"line":1135,"column":53}},"124":{"start":{"line":1140,"column":8},"end":{"line":1140,"column":56}},"125":{"start":{"line":1147,"column":8},"end":{"line":1147,"column":23}},"126":{"start":{"line":1175,"column":8},"end":{"line":1175,"column":30}},"127":{"start":{"line":1182,"column":8},"end":{"line":1182,"column":21}},"128":{"start":{"line":1189,"column":8},"end":{"line":1189,"column":75}},"129":{"start":{"line":1201,"column":8},"end":{"line":1201,"column":28}},"130":{"start":{"line":1209,"column":8},"end":{"line":1209,"column":80}},"131":{"start":{"line":1210,"column":8},"end":{"line":1210,"column":26}},"132":{"start":{"line":1214,"column":8},"end":{"line":1214,"column":33}},"133":{"start":{"line":1216,"column":8},"end":{"line":1216,"column":53}},"134":{"start":{"line":1240,"column":4},"end":{"line":1240,"column":27}},"135":{"start":{"line":1241,"column":4},"end":{"line":1241,"column":41}},"136":{"start":{"line":1246,"column":4},"end":{"line":1246,"column":18}},"137":{"start":{"line":1251,"column":4},"end":{"line":1251,"column":34}},"138":{"start":{"line":1252,"column":4},"end":{"line":1252,"column":19}},"139":{"start":{"line":1253,"column":4},"end":{"line":1253,"column":27}},"140":{"start":{"line":1254,"column":4},"end":{"line":1254,"column":40}},"141":{"start":{"line":1255,"column":4},"end":{"line":1255,"column":45}},"142":{"start":{"line":1257,"column":4},"end":{"line":1257,"column":42910}},"143":{"start":{"line":1258,"column":6},"end":{"line":1258,"column":45}},"144":{"start":{"line":1261,"column":4},"end":{"line":1261,"column":42998}},"145":{"start":{"line":1262,"column":6},"end":{"line":1262,"column":38}},"146":{"start":{"line":1269,"column":4},"end":{"line":1269,"column":47}},"147":{"start":{"line":1270,"column":4},"end":{"line":1270,"column":62}},"148":{"start":{"line":1271,"column":4},"end":{"line":1271,"column":43360}},"149":{"start":{"line":1274,"column":4},"end":{"line":1274,"column":19}},"150":{"start":{"line":1280,"column":4},"end":{"line":1280,"column":43661}},"151":{"start":{"line":1285,"column":4},"end":{"line":1285,"column":43766}},"152":{"start":{"line":1286,"column":8},"end":{"line":1286,"column":29}},"153":{"start":{"line":1289,"column":4},"end":{"line":1289,"column":45}},"154":{"start":{"line":1290,"column":4},"end":{"line":1290,"column":43887}},"155":{"start":{"line":1336,"column":4},"end":{"line":1336,"column":73}},"156":{"start":{"line":1337,"column":4},"end":{"line":1337,"column":14}}},"branchMap":{"1":{"line":236,"type":"if","locations":[{"start":{"line":236,"column":8},"end":{"line":236,"column":8}},{"start":{"line":236,"column":8},"end":{"line":236,"column":8}}]},"2":{"line":258,"type":"if","locations":[{"start":{"line":258,"column":8},"end":{"line":258,"column":8}},{"start":{"line":258,"column":8},"end":{"line":258,"column":8}}]},"3":{"line":281,"type":"if","locations":[{"start":{"line":281,"column":8},"end":{"line":281,"column":8}},{"start":{"line":281,"column":8},"end":{"line":281,"column":8}}]},"4":{"line":342,"type":"if","locations":[{"start":{"line":342,"column":8},"end":{"line":342,"column":8}},{"start":{"line":342,"column":8},"end":{"line":342,"column":8}}]},"5":{"line":345,"type":"if","locations":[{"start":{"line":345,"column":8},"end":{"line":345,"column":8}},{"start":{"line":345,"column":8},"end":{"line":345,"column":8}}]},"6":{"line":415,"type":"if","locations":[{"start":{"line":415,"column":8},"end":{"line":415,"column":8}},{"start":{"line":415,"column":8},"end":{"line":415,"column":8}}]},"7":{"line":416,"type":"if","locations":[{"start":{"line":416,"column":8},"end":{"line":416,"column":8}},{"start":{"line":416,"column":8},"end":{"line":416,"column":8}}]},"8":{"line":443,"type":"if","locations":[{"start":{"line":443,"column":8},"end":{"line":443,"column":8}},{"start":{"line":443,"column":8},"end":{"line":443,"column":8}}]},"9":{"line":470,"type":"if","locations":[{"start":{"line":470,"column":8},"end":{"line":470,"column":8}},{"start":{"line":470,"column":8},"end":{"line":470,"column":8}}]},"10":{"line":487,"type":"if","locations":[{"start":{"line":487,"column":8},"end":{"line":487,"column":8}},{"start":{"line":487,"column":8},"end":{"line":487,"column":8}}]},"11":{"line":491,"type":"if","locations":[{"start":{"line":491,"column":12},"end":{"line":491,"column":12}},{"start":{"line":491,"column":12},"end":{"line":491,"column":12}}]},"12":{"line":627,"type":"cond-expr","locations":[{"start":{"line":627,"column":12},"end":{"line":627,"column":51}},{"start":{"line":628,"column":12},"end":{"line":628,"column":59}}]},"13":{"line":627,"type":"cond-expr","locations":[{"start":{"line":627,"column":12},"end":{"line":628,"column":59}},{"start":{"line":629,"column":12},"end":{"line":629,"column":47}}]},"14":{"line":636,"type":"if","locations":[{"start":{"line":636,"column":8},"end":{"line":636,"column":8}},{"start":{"line":636,"column":8},"end":{"line":636,"column":8}}]},"15":{"line":645,"type":"if","locations":[{"start":{"line":645,"column":8},"end":{"line":645,"column":8}},{"start":{"line":645,"column":8},"end":{"line":645,"column":8}}]},"16":{"line":667,"type":"if","locations":[{"start":{"line":667,"column":8},"end":{"line":667,"column":8}},{"start":{"line":667,"column":8},"end":{"line":667,"column":8}}]},"17":{"line":670,"type":"if","locations":[{"start":{"line":670,"column":43},"end":{"line":670,"column":95}},{"start":{"line":670,"column":99},"end":{"line":670,"column":100}}]},"18":{"line":687,"type":"if","locations":[{"start":{"line":687,"column":8},"end":{"line":687,"column":8}},{"start":{"line":687,"column":8},"end":{"line":687,"column":8}}]},"19":{"line":689,"type":"if","locations":[{"start":{"line":689,"column":8},"end":{"line":689,"column":8}},{"start":{"line":689,"column":8},"end":{"line":689,"column":8}}]},"20":{"line":690,"type":"cond-expr","locations":[{"start":{"line":690,"column":12},"end":{"line":690,"column":32}},{"start":{"line":690,"column":37},"end":{"line":690,"column":73}}]},"21":{"line":701,"type":"if","locations":[{"start":{"line":701,"column":8},"end":{"line":701,"column":8}},{"start":{"line":701,"column":8},"end":{"line":701,"column":8}}]},"22":{"line":710,"type":"if","locations":[{"start":{"line":710,"column":8},"end":{"line":710,"column":8}},{"start":{"line":710,"column":8},"end":{"line":710,"column":8}}]},"23":{"line":732,"type":"if","locations":[{"start":{"line":732,"column":8},"end":{"line":732,"column":8}},{"start":{"line":732,"column":8},"end":{"line":732,"column":8}}]},"24":{"line":757,"type":"if","locations":[{"start":{"line":757,"column":8},"end":{"line":757,"column":8}},{"start":{"line":757,"column":8},"end":{"line":757,"column":8}}]},"25":{"line":786,"type":"if","locations":[{"start":{"line":786,"column":8},"end":{"line":786,"column":8}},{"start":{"line":786,"column":8},"end":{"line":786,"column":8}}]},"26":{"line":809,"type":"if","locations":[{"start":{"line":809,"column":8},"end":{"line":809,"column":8}},{"start":{"line":809,"column":8},"end":{"line":809,"column":8}}]},"27":{"line":811,"type":"cond-expr","locations":[{"start":{"line":811,"column":16},"end":{"line":811,"column":31}},{"start":{"line":811,"column":36},"end":{"line":811,"column":66}}]},"28":{"line":811,"type":"cond-expr","locations":[{"start":{"line":811,"column":16},"end":{"line":811,"column":66}},{"start":{"line":811,"column":71},"end":{"line":811,"column":102}}]},"29":{"line":838,"type":"if","locations":[{"start":{"line":838,"column":8},"end":{"line":838,"column":8}},{"start":{"line":838,"column":8},"end":{"line":838,"column":8}}]},"30":{"line":857,"type":"if","locations":[{"start":{"line":857,"column":8},"end":{"line":857,"column":8}},{"start":{"line":857,"column":8},"end":{"line":857,"column":8}}]},"31":{"line":858,"type":"if","locations":[{"start":{"line":858,"column":8},"end":{"line":858,"column":8}},{"start":{"line":858,"column":8},"end":{"line":858,"column":8}}]},"32":{"line":908,"type":"if","locations":[{"start":{"line":908,"column":8},"end":{"line":908,"column":8}},{"start":{"line":908,"column":8},"end":{"line":908,"column":8}}]},"33":{"line":909,"type":"if","locations":[{"start":{"line":909,"column":8},"end":{"line":909,"column":8}},{"start":{"line":909,"column":8},"end":{"line":909,"column":8}}]},"34":{"line":949,"type":"if","locations":[{"start":{"line":949,"column":8},"end":{"line":949,"column":8}},{"start":{"line":949,"column":8},"end":{"line":949,"column":8}}]},"35":{"line":953,"type":"if","locations":[{"start":{"line":953,"column":16},"end":{"line":953,"column":16}},{"start":{"line":953,"column":16},"end":{"line":953,"column":16}}]},"36":{"line":1017,"type":"cond-expr","locations":[{"start":{"line":1017,"column":15},"end":{"line":1017,"column":64}},{"start":{"line":1017,"column":69},"end":{"line":1017,"column":104}}]},"37":{"line":1024,"type":"if","locations":[{"start":{"line":1024,"column":8},"end":{"line":1024,"column":8}},{"start":{"line":1024,"column":8},"end":{"line":1024,"column":8}}]},"38":{"line":1039,"type":"if","locations":[{"start":{"line":1039,"column":8},"end":{"line":1039,"column":8}},{"start":{"line":1039,"column":8},"end":{"line":1039,"column":8}}]},"39":{"line":1065,"type":"if","locations":[{"start":{"line":1065,"column":8},"end":{"line":1065,"column":8}},{"start":{"line":1065,"column":8},"end":{"line":1065,"column":8}}]},"40":{"line":1067,"type":"if","locations":[{"start":{"line":1067,"column":15},"end":{"line":1067,"column":15}},{"start":{"line":1067,"column":15},"end":{"line":1067,"column":15}}]},"41":{"line":1070,"type":"if","locations":[{"start":{"line":1070,"column":8},"end":{"line":1070,"column":8}},{"start":{"line":1070,"column":8},"end":{"line":1070,"column":8}}]},"42":{"line":1072,"type":"if","locations":[{"start":{"line":1072,"column":15},"end":{"line":1072,"column":15}},{"start":{"line":1072,"column":15},"end":{"line":1072,"column":15}}]},"43":{"line":1113,"type":"if","locations":[{"start":{"line":1113,"column":8},"end":{"line":1113,"column":8}},{"start":{"line":1113,"column":8},"end":{"line":1113,"column":8}}]},"44":{"line":1189,"type":"if","locations":[{"start":{"line":1189,"column":8},"end":{"line":1189,"column":8}},{"start":{"line":1189,"column":8},"end":{"line":1189,"column":8}}]},"45":{"line":1200,"type":"if","locations":[{"start":{"line":1200,"column":48},"end":{"line":1200,"column":48}},{"start":{"line":1200,"column":48},"end":{"line":1200,"column":48}}]},"46":{"line":1208,"type":"if","locations":[{"start":{"line":1208,"column":64},"end":{"line":1208,"column":64}},{"start":{"line":1208,"column":64},"end":{"line":1208,"column":64}}]},"47":{"line":1209,"type":"if","locations":[{"start":{"line":1209,"column":8},"end":{"line":1209,"column":8}},{"start":{"line":1209,"column":8},"end":{"line":1209,"column":8}}]},"48":{"line":1252,"type":"if","locations":[{"start":{"line":1252,"column":4},"end":{"line":1252,"column":4}},{"start":{"line":1252,"column":4},"end":{"line":1252,"column":4}}]},"49":{"line":1253,"type":"if","locations":[{"start":{"line":1253,"column":4},"end":{"line":1253,"column":4}},{"start":{"line":1253,"column":4},"end":{"line":1253,"column":4}}]},"50":{"line":1254,"type":"if","locations":[{"start":{"line":1254,"column":4},"end":{"line":1254,"column":4}},{"start":{"line":1254,"column":4},"end":{"line":1254,"column":4}}]},"51":{"line":1255,"type":"if","locations":[{"start":{"line":1255,"column":4},"end":{"line":1255,"column":4}},{"start":{"line":1255,"column":4},"end":{"line":1255,"column":4}}]},"52":{"line":1257,"type":"if","locations":[{"start":{"line":1257,"column":4},"end":{"line":1257,"column":4}},{"start":{"line":1257,"column":4},"end":{"line":1257,"column":4}}]},"53":{"line":1258,"type":"if","locations":[{"start":{"line":1258,"column":6},"end":{"line":1258,"column":6}},{"start":{"line":1258,"column":6},"end":{"line":1258,"column":6}}]},"54":{"line":1280,"type":"if","locations":[{"start":{"line":1280,"column":4},"end":{"line":1280,"column":4}},{"start":{"line":1280,"column":4},"end":{"line":1280,"column":4}}]},"55":{"line":1285,"type":"if","locations":[{"start":{"line":1285,"column":4},"end":{"line":1285,"column":4}},{"start":{"line":1285,"column":4},"end":{"line":1285,"column":4}}]},"56":{"line":1291,"type":"if","locations":[{"start":{"line":1291,"column":10},"end":{"line":1291,"column":84}},{"start":{"line":1292,"column":10},"end":{"line":1292,"column":11}}]},"57":{"line":1296,"type":"if","locations":[{"start":{"line":1296,"column":27},"end":{"line":1296,"column":27}},{"start":{"line":1296,"column":27},"end":{"line":1296,"column":27}}]},"58":{"line":1301,"type":"if","locations":[{"start":{"line":1301,"column":44},"end":{"line":1301,"column":44}},{"start":{"line":1301,"column":44},"end":{"line":1301,"column":44}}]},"59":{"line":1306,"type":"if","locations":[{"start":{"line":1306,"column":62},"end":{"line":1306,"column":62}},{"start":{"line":1306,"column":62},"end":{"line":1306,"column":62}}]},"60":{"line":1311,"type":"if","locations":[{"start":{"line":1311,"column":67},"end":{"line":1311,"column":67}},{"start":{"line":1311,"column":67},"end":{"line":1311,"column":67}}]},"61":{"line":1316,"type":"if","locations":[{"start":{"line":1316,"column":56},"end":{"line":1316,"column":56}},{"start":{"line":1316,"column":56},"end":{"line":1316,"column":56}}]},"62":{"line":1321,"type":"if","locations":[{"start":{"line":1321,"column":68},"end":{"line":1321,"column":68}},{"start":{"line":1321,"column":68},"end":{"line":1321,"column":68}}]},"63":{"line":1326,"type":"if","locations":[{"start":{"line":1326,"column":37},"end":{"line":1326,"column":37}},{"start":{"line":1326,"column":37},"end":{"line":1326,"column":37}}]},"64":{"line":1331,"type":"if","locations":[{"start":{"line":1331,"column":37},"end":{"line":1331,"column":37}},{"start":{"line":1331,"column":37},"end":{"line":1331,"column":37}}]},"65":{"line":1337,"type":"if","locations":[{"start":{"line":1337,"column":4},"end":{"line":1337,"column":4}},{"start":{"line":1337,"column":4},"end":{"line":1337,"column":4}}]}}},
"contracts/time.sol":{"l":{},"path":"/home/wtc/Documents/Workshops/staking_contracts/contracts/time.sol","s":{},"b":{},"f":{},"fnMap":{},"statementMap":{},"branchMap":{}},
"contracts/token.sol":{"l":{"14":25},"path":"/home/wtc/Documents/Workshops/staking_contracts/contracts/token.sol","s":{"1":25},"b":{},"f":{"1":25},"fnMap":{"1":{"name":"constructor","line":13,"loc":{"start":{"line":9,"column":4},"end":{"line":15,"column":4}}}},"statementMap":{"1":{"start":{"line":14,"column":8},"end":{"line":14,"column":58}}},"branchMap":{}}}
