{
"contracts/ai.sol":{"l":{"46":26,"47":26,"50":26,"51":26,"54":26,"57":26,"63":25,"64":25,"66":25,"67":24,"68":24,"70":25,"75":62,"76":36,"78":26,"83":33,"88":16,"90":15,"91":15,"92":15,"94":15,"96":14,"101":6,"102":5,"103":3,"105":2,"106":2,"108":2,"110":2,"115":2,"116":2,"117":2,"118":2,"119":2,"125":1,"126":1,"131":1,"132":1,"136":1,"137":1,"142":1,"143":1,"145":1,"146":1,"148":1,"150":1,"155":27,"160":3,"164":1},"path":"/home/wtc/Documents/Workshops/staking_contracts/contracts/ai.sol","s":{"1":26,"2":26,"3":25,"4":62,"5":36,"6":26,"7":33,"8":16,"9":15,"10":14,"11":6,"12":5,"13":3,"14":2,"15":2,"16":2,"17":2,"18":2,"19":2,"20":1,"21":1,"22":1,"23":1,"24":1,"25":1,"26":1,"27":1,"28":27,"29":3,"30":1},"b":{"1":[26,0],"2":[26,0],"3":[24,1],"4":[36,26],"5":[16,0],"6":[16,0],"7":[16,0],"8":[15,1],"9":[6,0],"10":[6,0],"11":[5,1],"12":[3,2],"13":[2,1],"14":[2,0],"15":[2,0],"16":[2,0],"17":[1,1],"18":[1,0],"19":[1,1],"20":[1,0],"21":[1,0],"22":[27,1],"23":[3,1],"24":[1,1]},"f":{"1":26,"2":25,"3":62,"4":33,"5":16,"6":6,"7":2,"8":1,"9":1,"10":1,"11":1,"12":27,"13":3,"14":1},"fnMap":{"1":{"name":"constructor","line":40,"loc":{"start":{"line":40,"column":4},"end":{"line":59,"column":4}}},"2":{"name":"updateReward","line":62,"loc":{"start":{"line":62,"column":4},"end":{"line":71,"column":4}}},"3":{"name":"rewardPerToken","line":74,"loc":{"start":{"line":74,"column":4},"end":{"line":79,"column":4}}},"4":{"name":"earned","line":82,"loc":{"start":{"line":82,"column":4},"end":{"line":84,"column":4}}},"5":{"name":"stake","line":87,"loc":{"start":{"line":87,"column":4},"end":{"line":97,"column":4}}},"6":{"name":"withdraw","line":100,"loc":{"start":{"line":100,"column":4},"end":{"line":111,"column":4}}},"7":{"name":"getReward","line":114,"loc":{"start":{"line":114,"column":4},"end":{"line":121,"column":4}}},"8":{"name":"withdrawAndGetReward","line":124,"loc":{"start":{"line":124,"column":4},"end":{"line":127,"column":4}}},"9":{"name":"setRewardRate","line":130,"loc":{"start":{"line":130,"column":4},"end":{"line":133,"column":4}}},"10":{"name":"setStakingDuration","line":135,"loc":{"start":{"line":135,"column":4},"end":{"line":138,"column":4}}},"11":{"name":"emergencyWithdraw","line":141,"loc":{"start":{"line":141,"column":4},"end":{"line":151,"column":4}}},"12":{"name":"fundRewards","line":154,"loc":{"start":{"line":154,"column":4},"end":{"line":156,"column":4}}},"13":{"name":"pause","line":159,"loc":{"start":{"line":159,"column":4},"end":{"line":161,"column":4}}},"14":{"name":"unpause","line":163,"loc":{"start":{"line":163,"column":4},"end":{"line":165,"column":4}}}},"statementMap":{"1":{"start":{"line":46,"column":8},"end":{"line":46,"column":68}},"2":{"start":{"line":47,"column":8},"end":{"line":47,"column":66}},"3":{"start":{"line":66,"column":8},"end":{"line":66,"column":2648}},"4":{"start":{"line":75,"column":8},"end":{"line":75,"column":2925}},"5":{"start":{"line":76,"column":12},"end":{"line":76,"column":39}},"6":{"start":{"line":78,"column":8},"end":{"line":78,"column":108}},"7":{"start":{"line":83,"column":8},"end":{"line":83,"column":120}},"8":{"start":{"line":88,"column":8},"end":{"line":88,"column":44}},"9":{"start":{"line":94,"column":8},"end":{"line":94,"column":71}},"10":{"start":{"line":96,"column":8},"end":{"line":96,"column":39}},"11":{"start":{"line":101,"column":8},"end":{"line":101,"column":47}},"12":{"start":{"line":102,"column":8},"end":{"line":102,"column":75}},"13":{"start":{"line":103,"column":8},"end":{"line":103,"column":97}},"14":{"start":{"line":108,"column":8},"end":{"line":108,"column":52}},"15":{"start":{"line":110,"column":8},"end":{"line":110,"column":42}},"16":{"start":{"line":115,"column":8},"end":{"line":115,"column":44}},"17":{"start":{"line":116,"column":8},"end":{"line":116,"column":4504}},"18":{"start":{"line":118,"column":12},"end":{"line":118,"column":55}},"19":{"start":{"line":119,"column":12},"end":{"line":119,"column":47}},"20":{"start":{"line":125,"column":8},"end":{"line":125,"column":42}},"21":{"start":{"line":126,"column":8},"end":{"line":126,"column":18}},"22":{"start":{"line":132,"column":8},"end":{"line":132,"column":43}},"23":{"start":{"line":137,"column":8},"end":{"line":137,"column":46}},"24":{"start":{"line":142,"column":8},"end":{"line":142,"column":50}},"25":{"start":{"line":143,"column":8},"end":{"line":143,"column":46}},"26":{"start":{"line":148,"column":8},"end":{"line":148,"column":52}},"27":{"start":{"line":150,"column":8},"end":{"line":150,"column":42}},"28":{"start":{"line":155,"column":8},"end":{"line":155,"column":70}},"29":{"start":{"line":160,"column":8},"end":{"line":160,"column":15}},"30":{"start":{"line":164,"column":8},"end":{"line":164,"column":17}}},"branchMap":{"1":{"line":46,"type":"if","locations":[{"start":{"line":46,"column":8},"end":{"line":46,"column":8}},{"start":{"line":46,"column":8},"end":{"line":46,"column":8}}]},"2":{"line":47,"type":"if","locations":[{"start":{"line":47,"column":8},"end":{"line":47,"column":8}},{"start":{"line":47,"column":8},"end":{"line":47,"column":8}}]},"3":{"line":66,"type":"if","locations":[{"start":{"line":66,"column":8},"end":{"line":66,"column":8}},{"start":{"line":66,"column":8},"end":{"line":66,"column":8}}]},"4":{"line":75,"type":"if","locations":[{"start":{"line":75,"column":8},"end":{"line":75,"column":8}},{"start":{"line":75,"column":8},"end":{"line":75,"column":8}}]},"5":{"line":87,"type":"if","locations":[{"start":{"line":87,"column":44},"end":{"line":87,"column":44}},{"start":{"line":87,"column":44},"end":{"line":87,"column":44}}]},"6":{"line":87,"type":"if","locations":[{"start":{"line":87,"column":57},"end":{"line":87,"column":57}},{"start":{"line":87,"column":57},"end":{"line":87,"column":57}}]},"7":{"line":87,"type":"if","locations":[{"start":{"line":87,"column":71},"end":{"line":87,"column":71}},{"start":{"line":87,"column":71},"end":{"line":87,"column":71}}]},"8":{"line":88,"type":"if","locations":[{"start":{"line":88,"column":8},"end":{"line":88,"column":8}},{"start":{"line":88,"column":8},"end":{"line":88,"column":8}}]},"9":{"line":100,"type":"if","locations":[{"start":{"line":100,"column":45},"end":{"line":100,"column":45}},{"start":{"line":100,"column":45},"end":{"line":100,"column":45}}]},"10":{"line":100,"type":"if","locations":[{"start":{"line":100,"column":58},"end":{"line":100,"column":58}},{"start":{"line":100,"column":58},"end":{"line":100,"column":58}}]},"11":{"line":101,"type":"if","locations":[{"start":{"line":101,"column":8},"end":{"line":101,"column":8}},{"start":{"line":101,"column":8},"end":{"line":101,"column":8}}]},"12":{"line":102,"type":"if","locations":[{"start":{"line":102,"column":8},"end":{"line":102,"column":8}},{"start":{"line":102,"column":8},"end":{"line":102,"column":8}}]},"13":{"line":103,"type":"if","locations":[{"start":{"line":103,"column":8},"end":{"line":103,"column":8}},{"start":{"line":103,"column":8},"end":{"line":103,"column":8}}]},"14":{"line":114,"type":"if","locations":[{"start":{"line":114,"column":32},"end":{"line":114,"column":32}},{"start":{"line":114,"column":32},"end":{"line":114,"column":32}}]},"15":{"line":114,"type":"if","locations":[{"start":{"line":114,"column":45},"end":{"line":114,"column":45}},{"start":{"line":114,"column":45},"end":{"line":114,"column":45}}]},"16":{"line":116,"type":"if","locations":[{"start":{"line":116,"column":8},"end":{"line":116,"column":8}},{"start":{"line":116,"column":8},"end":{"line":116,"column":8}}]},"17":{"line":130,"type":"if","locations":[{"start":{"line":130,"column":57},"end":{"line":130,"column":57}},{"start":{"line":130,"column":57},"end":{"line":130,"column":57}}]},"18":{"line":130,"type":"if","locations":[{"start":{"line":130,"column":67},"end":{"line":130,"column":67}},{"start":{"line":130,"column":67},"end":{"line":130,"column":67}}]},"19":{"line":135,"type":"if","locations":[{"start":{"line":135,"column":60},"end":{"line":135,"column":60}},{"start":{"line":135,"column":60},"end":{"line":135,"column":60}}]},"20":{"line":141,"type":"if","locations":[{"start":{"line":141,"column":42},"end":{"line":141,"column":42}},{"start":{"line":141,"column":42},"end":{"line":141,"column":42}}]},"21":{"line":143,"type":"if","locations":[{"start":{"line":143,"column":8},"end":{"line":143,"column":8}},{"start":{"line":143,"column":8},"end":{"line":143,"column":8}}]},"22":{"line":154,"type":"if","locations":[{"start":{"line":154,"column":50},"end":{"line":154,"column":50}},{"start":{"line":154,"column":50},"end":{"line":154,"column":50}}]},"23":{"line":159,"type":"if","locations":[{"start":{"line":159,"column":30},"end":{"line":159,"column":30}},{"start":{"line":159,"column":30},"end":{"line":159,"column":30}}]},"24":{"line":163,"type":"if","locations":[{"start":{"line":163,"column":32},"end":{"line":163,"column":32}},{"start":{"line":163,"column":32},"end":{"line":163,"column":32}}]}}},
"contracts/multi_ai.sol":{"l":{"47":0,"48":0,"49":0,"59":0,"60":0,"62":0,"63":0,"71":0,"76":0,"77":0,"78":0,"83":0,"84":0,"85":0,"86":0,"87":0,"90":0,"91":0,"92":0,"93":0,"96":0,"99":0,"107":0,"108":0,"110":0,"112":0,"117":0,"118":0,"120":0,"121":0,"122":0,"124":0,"129":0,"131":0,"132":0,"134":0,"135":0,"137":0,"139":0,"144":0,"146":0,"147":0,"149":0,"152":0,"153":0,"154":0,"158":0,"159":0,"162":0,"163":0,"166":0,"168":0,"173":0,"178":0,"183":0,"188":0,"190":0,"192":0,"193":0,"196":0,"197":0,"199":0,"201":0},"path":"/home/wtc/Documents/Workshops/staking_contracts/contracts/multi_ai.sol","s":{"1":0,"2":0,"3":0,"4":0,"5":0,"6":0,"7":0,"8":0,"9":0,"10":0,"11":0,"12":0,"13":0,"14":0,"15":0,"16":0,"17":0,"18":0,"19":0,"20":0,"21":0,"22":0,"23":0,"24":0,"25":0,"26":0,"27":0,"28":0,"29":0,"30":0,"31":0,"32":0,"33":0,"34":0,"35":0,"36":0,"37":0,"38":0,"39":0,"40":0,"41":0,"42":0,"43":0,"44":0,"45":0},"b":{"1":[0,0],"2":[0,0],"3":[0,0],"4":[0,0],"5":[0,0],"6":[0,0],"7":[0,0],"8":[0,0],"9":[0,0],"10":[0,0],"11":[0,0],"12":[0,0],"13":[0,0],"14":[0,0],"15":[0,0],"16":[0,0],"17":[0,0],"18":[0,0],"19":[0,0],"20":[0,0],"21":[0,0],"22":[0,0],"23":[0,0]},"f":{"1":0,"2":0,"3":0,"4":0,"5":0,"6":0,"7":0,"8":0,"9":0,"10":0,"11":0},"fnMap":{"1":{"name":"constructor","line":46,"loc":{"start":{"line":46,"column":4},"end":{"line":50,"column":4}}},"2":{"name":"createTier","line":58,"loc":{"start":{"line":53,"column":4},"end":{"line":72,"column":4}}},"3":{"name":"setTierStatus","line":75,"loc":{"start":{"line":75,"column":4},"end":{"line":79,"column":4}}},"4":{"name":"stake","line":82,"loc":{"start":{"line":82,"column":4},"end":{"line":113,"column":4}}},"5":{"name":"calculateRewards","line":116,"loc":{"start":{"line":116,"column":4},"end":{"line":125,"column":4}}},"6":{"name":"claimRewards","line":128,"loc":{"start":{"line":128,"column":4},"end":{"line":140,"column":4}}},"7":{"name":"withdrawStake","line":143,"loc":{"start":{"line":143,"column":4},"end":{"line":169,"column":4}}},"8":{"name":"getUserStakes","line":172,"loc":{"start":{"line":172,"column":4},"end":{"line":174,"column":4}}},"9":{"name":"setBaseRewardRate","line":177,"loc":{"start":{"line":177,"column":4},"end":{"line":179,"column":4}}},"10":{"name":"fundRewards","line":182,"loc":{"start":{"line":182,"column":4},"end":{"line":184,"column":4}}},"11":{"name":"emergencyWithdraw","line":187,"loc":{"start":{"line":187,"column":4},"end":{"line":202,"column":4}}}},"statementMap":{"1":{"start":{"line":59,"column":8},"end":{"line":59,"column":56}},"2":{"start":{"line":60,"column":8},"end":{"line":60,"column":58}},"3":{"start":{"line":71,"column":8},"end":{"line":71,"column":89}},"4":{"start":{"line":76,"column":8},"end":{"line":76,"column":65}},"5":{"start":{"line":78,"column":8},"end":{"line":78,"column":42}},"6":{"start":{"line":83,"column":8},"end":{"line":83,"column":65}},"7":{"start":{"line":84,"column":8},"end":{"line":84,"column":47}},"8":{"start":{"line":85,"column":8},"end":{"line":85,"column":48}},"9":{"start":{"line":86,"column":8},"end":{"line":86,"column":96}},"10":{"start":{"line":87,"column":8},"end":{"line":87,"column":44}},"11":{"start":{"line":90,"column":8},"end":{"line":90,"column":33}},"12":{"start":{"line":91,"column":8},"end":{"line":91,"column":3300}},"13":{"start":{"line":92,"column":12},"end":{"line":92,"column":3375}},"14":{"start":{"line":96,"column":8},"end":{"line":96,"column":76}},"15":{"start":{"line":99,"column":8},"end":{"line":99,"column":3630}},"16":{"start":{"line":110,"column":8},"end":{"line":110,"column":71}},"17":{"start":{"line":112,"column":8},"end":{"line":112,"column":82}},"18":{"start":{"line":117,"column":8},"end":{"line":117,"column":61}},"19":{"start":{"line":118,"column":8},"end":{"line":118,"column":53}},"20":{"start":{"line":120,"column":8},"end":{"line":120,"column":64}},"21":{"start":{"line":121,"column":8},"end":{"line":121,"column":78}},"22":{"start":{"line":122,"column":8},"end":{"line":122,"column":77}},"23":{"start":{"line":124,"column":8},"end":{"line":124,"column":54}},"24":{"start":{"line":129,"column":8},"end":{"line":129,"column":75}},"25":{"start":{"line":131,"column":8},"end":{"line":131,"column":65}},"26":{"start":{"line":132,"column":8},"end":{"line":132,"column":49}},"27":{"start":{"line":137,"column":8},"end":{"line":137,"column":51}},"28":{"start":{"line":139,"column":8},"end":{"line":139,"column":58}},"29":{"start":{"line":144,"column":8},"end":{"line":144,"column":75}},"30":{"start":{"line":146,"column":8},"end":{"line":146,"column":67}},"31":{"start":{"line":147,"column":8},"end":{"line":147,"column":53}},"32":{"start":{"line":149,"column":8},"end":{"line":149,"column":91}},"33":{"start":{"line":152,"column":8},"end":{"line":152,"column":66}},"34":{"start":{"line":153,"column":8},"end":{"line":153,"column":5827}},"35":{"start":{"line":154,"column":12},"end":{"line":154,"column":56}},"36":{"start":{"line":163,"column":8},"end":{"line":163,"column":35}},"37":{"start":{"line":166,"column":8},"end":{"line":166,"column":58}},"38":{"start":{"line":168,"column":8},"end":{"line":168,"column":60}},"39":{"start":{"line":173,"column":8},"end":{"line":173,"column":31}},"40":{"start":{"line":183,"column":8},"end":{"line":183,"column":70}},"41":{"start":{"line":188,"column":8},"end":{"line":188,"column":75}},"42":{"start":{"line":190,"column":8},"end":{"line":190,"column":66}},"43":{"start":{"line":197,"column":8},"end":{"line":197,"column":35}},"44":{"start":{"line":199,"column":8},"end":{"line":199,"column":52}},"45":{"start":{"line":201,"column":8},"end":{"line":201,"column":54}}},"branchMap":{"1":{"line":58,"type":"if","locations":[{"start":{"line":58,"column":15},"end":{"line":58,"column":15}},{"start":{"line":58,"column":15},"end":{"line":58,"column":15}}]},"2":{"line":59,"type":"if","locations":[{"start":{"line":59,"column":8},"end":{"line":59,"column":8}},{"start":{"line":59,"column":8},"end":{"line":59,"column":8}}]},"3":{"line":60,"type":"if","locations":[{"start":{"line":60,"column":8},"end":{"line":60,"column":8}},{"start":{"line":60,"column":8},"end":{"line":60,"column":8}}]},"4":{"line":75,"type":"if","locations":[{"start":{"line":75,"column":67},"end":{"line":75,"column":67}},{"start":{"line":75,"column":67},"end":{"line":75,"column":67}}]},"5":{"line":76,"type":"if","locations":[{"start":{"line":76,"column":8},"end":{"line":76,"column":8}},{"start":{"line":76,"column":8},"end":{"line":76,"column":8}}]},"6":{"line":82,"type":"if","locations":[{"start":{"line":82,"column":60},"end":{"line":82,"column":60}},{"start":{"line":82,"column":60},"end":{"line":82,"column":60}}]},"7":{"line":83,"type":"if","locations":[{"start":{"line":83,"column":8},"end":{"line":83,"column":8}},{"start":{"line":83,"column":8},"end":{"line":83,"column":8}}]},"8":{"line":85,"type":"if","locations":[{"start":{"line":85,"column":8},"end":{"line":85,"column":8}},{"start":{"line":85,"column":8},"end":{"line":85,"column":8}}]},"9":{"line":86,"type":"if","locations":[{"start":{"line":86,"column":8},"end":{"line":86,"column":8}},{"start":{"line":86,"column":8},"end":{"line":86,"column":8}}]},"10":{"line":87,"type":"if","locations":[{"start":{"line":87,"column":8},"end":{"line":87,"column":8}},{"start":{"line":87,"column":8},"end":{"line":87,"column":8}}]},"11":{"line":92,"type":"if","locations":[{"start":{"line":92,"column":12},"end":{"line":92,"column":12}},{"start":{"line":92,"column":12},"end":{"line":92,"column":12}}]},"12":{"line":96,"type":"if","locations":[{"start":{"line":96,"column":8},"end":{"line":96,"column":8}},{"start":{"line":96,"column":8},"end":{"line":96,"column":8}}]},"13":{"line":128,"type":"if","locations":[{"start":{"line":128,"column":55},"end":{"line":128,"column":55}},{"start":{"line":128,"column":55},"end":{"line":128,"column":55}}]},"14":{"line":129,"type":"if","locations":[{"start":{"line":129,"column":8},"end":{"line":129,"column":8}},{"start":{"line":129,"column":8},"end":{"line":129,"column":8}}]},"15":{"line":132,"type":"if","locations":[{"start":{"line":132,"column":8},"end":{"line":132,"column":8}},{"start":{"line":132,"column":8},"end":{"line":132,"column":8}}]},"16":{"line":143,"type":"if","locations":[{"start":{"line":143,"column":56},"end":{"line":143,"column":56}},{"start":{"line":143,"column":56},"end":{"line":143,"column":56}}]},"17":{"line":144,"type":"if","locations":[{"start":{"line":144,"column":8},"end":{"line":144,"column":8}},{"start":{"line":144,"column":8},"end":{"line":144,"column":8}}]},"18":{"line":149,"type":"if","locations":[{"start":{"line":149,"column":8},"end":{"line":149,"column":8}},{"start":{"line":149,"column":8},"end":{"line":149,"column":8}}]},"19":{"line":153,"type":"if","locations":[{"start":{"line":153,"column":8},"end":{"line":153,"column":8}},{"start":{"line":153,"column":8},"end":{"line":153,"column":8}}]},"20":{"line":177,"type":"if","locations":[{"start":{"line":177,"column":57},"end":{"line":177,"column":57}},{"start":{"line":177,"column":57},"end":{"line":177,"column":57}}]},"21":{"line":182,"type":"if","locations":[{"start":{"line":182,"column":50},"end":{"line":182,"column":50}},{"start":{"line":182,"column":50},"end":{"line":182,"column":50}}]},"22":{"line":187,"type":"if","locations":[{"start":{"line":187,"column":60},"end":{"line":187,"column":60}},{"start":{"line":187,"column":60},"end":{"line":187,"column":60}}]},"23":{"line":188,"type":"if","locations":[{"start":{"line":188,"column":8},"end":{"line":188,"column":8}},{"start":{"line":188,"column":8},"end":{"line":188,"column":8}}]}}},
"contracts/time.sol":{"l":{},"path":"/home/wtc/Documents/Workshops/staking_contracts/contracts/time.sol","s":{},"b":{},"f":{},"fnMap":{},"statementMap":{},"branchMap":{}},
"contracts/token.sol":{"l":{"14":52},"path":"/home/wtc/Documents/Workshops/staking_contracts/contracts/token.sol","s":{"1":52},"b":{},"f":{"1":52},"fnMap":{"1":{"name":"constructor","line":13,"loc":{"start":{"line":9,"column":4},"end":{"line":15,"column":4}}}},"statementMap":{"1":{"start":{"line":14,"column":8},"end":{"line":14,"column":58}}},"branchMap":{}}}
