TN:
SF:/home/wtc/Documents/Workshops/staking_contracts/contracts/ai.sol
FN:40,constructor
FN:62,updateReward
FN:74,rewardPerToken
FN:82,earned
FN:87,stake
FN:100,withdraw
FN:114,getReward
FN:124,withdrawAndGetReward
FN:130,setRewardRate
FN:135,setStakingDuration
FN:141,emergencyWithdraw
FN:154,fundRewards
FN:159,pause
FN:163,unpause
FNF:14
FNH:11
FNDA:25,constructor
FNDA:23,updateReward
FNDA:53,rewardPerToken
FNDA:26,earned
FNDA:15,stake
FNDA:5,withdraw
FNDA:2,getReward
FNDA:0,withdrawAndGetReward
FNDA:1,setRewardRate
FNDA:1,setStakingDuration
FNDA:1,emergencyWithdraw
FNDA:1,fundRewards
FNDA:0,pause
FNDA:0,unpause
DA:46,25
DA:47,25
DA:50,25
DA:51,25
DA:54,25
DA:57,25
DA:63,23
DA:64,23
DA:66,23
DA:67,22
DA:68,22
DA:70,23
DA:75,53
DA:76,31
DA:78,22
DA:83,26
DA:88,15
DA:90,14
DA:91,14
DA:92,14
DA:94,14
DA:96,13
DA:101,5
DA:102,4
DA:103,2
DA:105,1
DA:106,1
DA:108,1
DA:110,1
DA:115,2
DA:116,2
DA:117,2
DA:118,2
DA:119,2
DA:125,0
DA:126,0
DA:131,1
DA:132,1
DA:136,1
DA:137,1
DA:142,1
DA:143,1
DA:145,1
DA:146,1
DA:148,1
DA:150,1
DA:155,1
DA:160,0
DA:164,0
LF:49
LH:45
BRDA:46,1,0,25
BRDA:46,1,1,0
BRDA:47,2,0,25
BRDA:47,2,1,0
BRDA:66,3,0,22
BRDA:66,3,1,1
BRDA:75,4,0,31
BRDA:75,4,1,22
BRDA:87,5,0,15
BRDA:87,5,1,0
BRDA:87,6,0,15
BRDA:87,6,1,0
BRDA:87,7,0,15
BRDA:87,7,1,0
BRDA:88,8,0,14
BRDA:88,8,1,1
BRDA:100,9,0,5
BRDA:100,9,1,0
BRDA:100,10,0,5
BRDA:100,10,1,0
BRDA:101,11,0,4
BRDA:101,11,1,1
BRDA:102,12,0,2
BRDA:102,12,1,2
BRDA:103,13,0,1
BRDA:103,13,1,1
BRDA:114,14,0,2
BRDA:114,14,1,0
BRDA:114,15,0,2
BRDA:114,15,1,0
BRDA:116,16,0,2
BRDA:116,16,1,0
BRDA:130,17,0,1
BRDA:130,17,1,1
BRDA:130,18,0,1
BRDA:130,18,1,0
BRDA:135,19,0,1
BRDA:135,19,1,1
BRDA:141,20,0,1
BRDA:141,20,1,0
BRDA:143,21,0,1
BRDA:143,21,1,0
BRDA:154,22,0,1
BRDA:154,22,1,1
BRDA:159,23,0,0
BRDA:159,23,1,1
BRDA:163,24,0,0
BRDA:163,24,1,1
BRF:48
BRH:33
end_of_record
TN:
SF:/home/wtc/Documents/Workshops/staking_contracts/contracts/multi_ai.sol
FN:46,constructor
FN:58,createTier
FN:75,setTierStatus
FN:82,stake
FN:116,calculateRewards
FN:128,claimRewards
FN:143,withdrawStake
FN:172,getUserStakes
FN:177,setBaseRewardRate
FN:182,fundRewards
FN:187,emergencyWithdraw
FNF:11
FNH:0
FNDA:0,constructor
FNDA:0,createTier
FNDA:0,setTierStatus
FNDA:0,stake
FNDA:0,calculateRewards
FNDA:0,claimRewards
FNDA:0,withdrawStake
FNDA:0,getUserStakes
FNDA:0,setBaseRewardRate
FNDA:0,fundRewards
FNDA:0,emergencyWithdraw
DA:47,0
DA:48,0
DA:49,0
DA:59,0
DA:60,0
DA:62,0
DA:63,0
DA:71,0
DA:76,0
DA:77,0
DA:78,0
DA:83,0
DA:84,0
DA:85,0
DA:86,0
DA:87,0
DA:90,0
DA:91,0
DA:92,0
DA:93,0
DA:96,0
DA:99,0
DA:107,0
DA:108,0
DA:110,0
DA:112,0
DA:117,0
DA:118,0
DA:120,0
DA:121,0
DA:122,0
DA:124,0
DA:129,0
DA:131,0
DA:132,0
DA:134,0
DA:135,0
DA:137,0
DA:139,0
DA:144,0
DA:146,0
DA:147,0
DA:149,0
DA:152,0
DA:153,0
DA:154,0
DA:158,0
DA:159,0
DA:162,0
DA:163,0
DA:166,0
DA:168,0
DA:173,0
DA:178,0
DA:183,0
DA:188,0
DA:190,0
DA:192,0
DA:193,0
DA:196,0
DA:197,0
DA:199,0
DA:201,0
LF:63
LH:0
BRDA:58,1,0,0
BRDA:58,1,1,0
BRDA:59,2,0,0
BRDA:59,2,1,0
BRDA:60,3,0,0
BRDA:60,3,1,0
BRDA:75,4,0,0
BRDA:75,4,1,0
BRDA:76,5,0,0
BRDA:76,5,1,0
BRDA:82,6,0,0
BRDA:82,6,1,0
BRDA:83,7,0,0
BRDA:83,7,1,0
BRDA:85,8,0,0
BRDA:85,8,1,0
BRDA:86,9,0,0
BRDA:86,9,1,0
BRDA:87,10,0,0
BRDA:87,10,1,0
BRDA:92,11,0,0
BRDA:92,11,1,0
BRDA:96,12,0,0
BRDA:96,12,1,0
BRDA:128,13,0,0
BRDA:128,13,1,0
BRDA:129,14,0,0
BRDA:129,14,1,0
BRDA:132,15,0,0
BRDA:132,15,1,0
BRDA:143,16,0,0
BRDA:143,16,1,0
BRDA:144,17,0,0
BRDA:144,17,1,0
BRDA:149,18,0,0
BRDA:149,18,1,0
BRDA:153,19,0,0
BRDA:153,19,1,0
BRDA:177,20,0,0
BRDA:177,20,1,0
BRDA:182,21,0,0
BRDA:182,21,1,0
BRDA:187,22,0,0
BRDA:187,22,1,0
BRDA:188,23,0,0
BRDA:188,23,1,0
BRF:46
BRH:0
end_of_record
TN:
SF:/home/wtc/Documents/Workshops/staking_contracts/contracts/time.sol
FNF:0
FNH:0
LF:0
LH:0
BRF:0
BRH:0
end_of_record
TN:
SF:/home/wtc/Documents/Workshops/staking_contracts/contracts/token.sol
FN:13,constructor
FNF:1
FNH:1
FNDA:25,constructor
DA:14,25
LF:1
LH:1
BRF:0
BRH:0
end_of_record
